<?xml version="1.0" encoding="UTF-8" standalone="no"?>
<!DOCTYPE log SYSTEM "logger.dtd">
<log>
<record>
  <date>2019-11-08T21:22:02</date>
  <millis>1573240922396</millis>
  <sequence>0</sequence>
  <level>START</level>
  <class>com.kms.katalon.core.logging.XmlKeywordLogger</class>
  <method>startSuite</method>
  <thread>1</thread>
  <message>Start Test Suite : Test Suites/DDTCountriesXML</message>
  <nestedLevel>0</nestedLevel>
  <property name="name">DDTCountriesXML</property>
  <property name="description"></property>
  <property name="id">Test Suites/DDTCountriesXML</property>
</record>
<record>
  <date>2019-11-08T21:22:02</date>
  <millis>1573240922435</millis>
  <sequence>1</sequence>
  <level>RUN_DATA</level>
  <class>com.kms.katalon.core.logging.XmlKeywordLogger</class>
  <method>logMessage</method>
  <thread>1</thread>
  <message>hostName = Zangabela - Rana-PC</message>
  <nestedLevel>0</nestedLevel>
  <property name="hostName">Zangabela - Rana-PC</property>
</record>
<record>
  <date>2019-11-08T21:22:02</date>
  <millis>1573240922438</millis>
  <sequence>2</sequence>
  <level>RUN_DATA</level>
  <class>com.kms.katalon.core.logging.XmlKeywordLogger</class>
  <method>logMessage</method>
  <thread>1</thread>
  <message>os = Windows 10 64bit</message>
  <nestedLevel>0</nestedLevel>
  <property name="os">Windows 10 64bit</property>
</record>
<record>
  <date>2019-11-08T21:22:02</date>
  <millis>1573240922441</millis>
  <sequence>3</sequence>
  <level>RUN_DATA</level>
  <class>com.kms.katalon.core.logging.XmlKeywordLogger</class>
  <method>logMessage</method>
  <thread>1</thread>
  <message>hostAddress = 192.168.1.4</message>
  <nestedLevel>0</nestedLevel>
  <property name="hostAddress">192.168.1.4</property>
</record>
<record>
  <date>2019-11-08T21:22:02</date>
  <millis>1573240922444</millis>
  <sequence>4</sequence>
  <level>RUN_DATA</level>
  <class>com.kms.katalon.core.logging.XmlKeywordLogger</class>
  <method>logMessage</method>
  <thread>1</thread>
  <message>katalonVersion = 6.1.4.1</message>
  <nestedLevel>0</nestedLevel>
  <property name="katalonVersion">6.1.4.1</property>
</record>
<record>
  <date>2019-11-08T21:22:03</date>
  <millis>1573240923002</millis>
  <sequence>5</sequence>
  <level>START</level>
  <class>com.kms.katalon.core.logging.XmlKeywordLogger</class>
  <method>startTest</method>
  <thread>1</thread>
  <message>Start Test Case : Test Cases/DDTTestCasesMethod/SOAPDataDrivenTesting</message>
  <nestedLevel>1</nestedLevel>
  <property name="name">Test Cases/DDTTestCasesMethod/SOAPDataDrivenTesting</property>
  <property name="description"></property>
  <property name="id">Test Cases/DDTTestCasesMethod/SOAPDataDrivenTesting</property>
  <property name="source">D:\\Work\\Katalon Studio\\API Demo\\Test Cases\\DDTTestCasesMethod\\SOAPDataDrivenTesting.tc</property>
  <property name="tag"></property>
  <property name="isOptional">false</property>
</record>
<record>
  <date>2019-11-08T21:22:03</date>
  <millis>1573240923068</millis>
  <sequence>7</sequence>
  <level>INFO</level>
  <class>com.kms.katalon.core.logging.XmlKeywordLogger</class>
  <method>logMessage</method>
  <thread>1</thread>
  <message>countrycode = IN</message>
  <nestedLevel>1</nestedLevel>
</record>
<record>
  <date>2019-11-08T21:22:03</date>
  <millis>1573240923069</millis>
  <sequence>8</sequence>
  <level>INFO</level>
  <class>com.kms.katalon.core.logging.XmlKeywordLogger</class>
  <method>logMessage</method>
  <thread>1</thread>
  <message>capital = New Delhi</message>
  <nestedLevel>1</nestedLevel>
</record>
<record>
  <date>2019-11-08T21:22:03</date>
  <millis>1573240923073</millis>
  <sequence>9</sequence>
  <level>INFO</level>
  <class>com.kms.katalon.core.logging.XmlKeywordLogger</class>
  <method>logMessage</method>
  <thread>1</thread>
  <message>curruncy = Rupees</message>
  <nestedLevel>1</nestedLevel>
</record>
<record>
  <date>2019-11-08T21:22:03</date>
  <millis>1573240923797</millis>
  <sequence>10</sequence>
  <level>START</level>
  <class>com.kms.katalon.core.logging.XmlKeywordLogger</class>
  <method>startKeyword</method>
  <thread>1</thread>
  <message>Start action : println(\&amp;quot;.........country code is : \&amp;quot; + countrycode)</message>
  <nestedLevel>1</nestedLevel>
  <property name="startLine">16</property>
  <property name="stepIndex">1</property>
</record>
<record>
  <date>2019-11-08T21:22:03</date>
  <millis>1573240923839</millis>
  <sequence>11</sequence>
  <level>END</level>
  <class>com.kms.katalon.core.logging.XmlKeywordLogger</class>
  <method>endKeyword</method>
  <thread>1</thread>
  <message>End action : println(\&amp;quot;.........country code is : \&amp;quot; + countrycode)</message>
  <nestedLevel>1</nestedLevel>
</record>
<record>
  <date>2019-11-08T21:22:03</date>
  <millis>1573240923840</millis>
  <sequence>12</sequence>
  <level>START</level>
  <class>com.kms.katalon.core.logging.XmlKeywordLogger</class>
  <method>startKeyword</method>
  <thread>1</thread>
  <message>Start action : println(\&amp;quot;.........capital is : \&amp;quot; + capital)</message>
  <nestedLevel>1</nestedLevel>
  <property name="startLine">18</property>
  <property name="stepIndex">2</property>
</record>
<record>
  <date>2019-11-08T21:22:03</date>
  <millis>1573240923845</millis>
  <sequence>13</sequence>
  <level>END</level>
  <class>com.kms.katalon.core.logging.XmlKeywordLogger</class>
  <method>endKeyword</method>
  <thread>1</thread>
  <message>End action : println(\&amp;quot;.........capital is : \&amp;quot; + capital)</message>
  <nestedLevel>1</nestedLevel>
</record>
<record>
  <date>2019-11-08T21:22:03</date>
  <millis>1573240923847</millis>
  <sequence>14</sequence>
  <level>START</level>
  <class>com.kms.katalon.core.logging.XmlKeywordLogger</class>
  <method>startKeyword</method>
  <thread>1</thread>
  <message>Start action : println(\&amp;quot;.........curruncy is : \&amp;quot; + curruncy)</message>
  <nestedLevel>1</nestedLevel>
  <property name="startLine">20</property>
  <property name="stepIndex">3</property>
</record>
<record>
  <date>2019-11-08T21:22:03</date>
  <millis>1573240923864</millis>
  <sequence>15</sequence>
  <level>END</level>
  <class>com.kms.katalon.core.logging.XmlKeywordLogger</class>
  <method>endKeyword</method>
  <thread>1</thread>
  <message>End action : println(\&amp;quot;.........curruncy is : \&amp;quot; + curruncy)</message>
  <nestedLevel>1</nestedLevel>
</record>
<record>
  <date>2019-11-08T21:22:03</date>
  <millis>1573240923867</millis>
  <sequence>16</sequence>
  <level>START</level>
  <class>com.kms.katalon.core.logging.XmlKeywordLogger</class>
  <method>startKeyword</method>
  <thread>1</thread>
  <message>Start action : Response1 = sendRequest(findTestObject(\&amp;quot;APIChaining.XML/GetCapitalCity\&amp;quot;))</message>
  <nestedLevel>1</nestedLevel>
  <property name="startLine">22</property>
  <property name="stepIndex">4</property>
</record>
<record>
  <date>2019-11-08T21:22:09</date>
  <millis>1573240929444</millis>
  <sequence>20</sequence>
  <level>INFO</level>
  <class>com.kms.katalon.core.logging.XmlKeywordLogger</class>
  <method>logMessage</method>
  <thread>1</thread>
  <message>HAR: D:\\Work\\Katalon Studio\\API Demo\\Reports\\DDTCountriesXML\\20191108_212158\\requests\\main\\null.har</message>
  <nestedLevel>1</nestedLevel>
  <property name="harId">d7bc7d6d-57b2-4639-a7f4-6a1d0f5aa17f</property>
</record>
<record>
  <date>2019-11-08T21:22:09</date>
  <millis>1573240929567</millis>
  <sequence>21</sequence>
  <level>PASSED</level>
  <class>com.kms.katalon.core.logging.XmlKeywordLogger</class>
  <method>logMessage</method>
  <thread>1</thread>
  <message>Send request successfully</message>
  <nestedLevel>1</nestedLevel>
</record>
<record>
  <date>2019-11-08T21:22:09</date>
  <millis>1573240929568</millis>
  <sequence>22</sequence>
  <level>END</level>
  <class>com.kms.katalon.core.logging.XmlKeywordLogger</class>
  <method>endKeyword</method>
  <thread>1</thread>
  <message>End action : Response1 = sendRequest(findTestObject(\&amp;quot;APIChaining.XML/GetCapitalCity\&amp;quot;))</message>
  <nestedLevel>1</nestedLevel>
</record>
<record>
  <date>2019-11-08T21:22:09</date>
  <millis>1573240929569</millis>
  <sequence>23</sequence>
  <level>START</level>
  <class>com.kms.katalon.core.logging.XmlKeywordLogger</class>
  <method>startKeyword</method>
  <thread>1</thread>
  <message>Start action : verifyElementText(Response1, \&amp;quot;CapitalCityResponse.CapitalCityResult\&amp;quot;, capital)</message>
  <nestedLevel>1</nestedLevel>
  <property name="startLine">24</property>
  <property name="stepIndex">5</property>
</record>
<record>
  <date>2019-11-08T21:22:09</date>
  <millis>1573240929866</millis>
  <sequence>25</sequence>
  <level>PASSED</level>
  <class>com.kms.katalon.core.logging.XmlKeywordLogger</class>
  <method>logMessage</method>
  <thread>1</thread>
  <message>Verify element text successfully</message>
  <nestedLevel>1</nestedLevel>
</record>
<record>
  <date>2019-11-08T21:22:09</date>
  <millis>1573240929869</millis>
  <sequence>26</sequence>
  <level>END</level>
  <class>com.kms.katalon.core.logging.XmlKeywordLogger</class>
  <method>endKeyword</method>
  <thread>1</thread>
  <message>End action : verifyElementText(Response1, \&amp;quot;CapitalCityResponse.CapitalCityResult\&amp;quot;, capital)</message>
  <nestedLevel>1</nestedLevel>
</record>
<record>
  <date>2019-11-08T21:22:09</date>
  <millis>1573240929870</millis>
  <sequence>27</sequence>
  <level>START</level>
  <class>com.kms.katalon.core.logging.XmlKeywordLogger</class>
  <method>startKeyword</method>
  <thread>1</thread>
  <message>Start action : Response2 = sendRequest(findTestObject(\&amp;quot;APIChaining.XML/GetCurrencySoapRequest\&amp;quot;))</message>
  <nestedLevel>1</nestedLevel>
  <property name="startLine">26</property>
  <property name="stepIndex">6</property>
</record>
<record>
  <date>2019-11-08T21:22:11</date>
  <millis>1573240931557</millis>
  <sequence>30</sequence>
  <level>INFO</level>
  <class>com.kms.katalon.core.logging.XmlKeywordLogger</class>
  <method>logMessage</method>
  <thread>1</thread>
  <message>HAR: D:\\Work\\Katalon Studio\\API Demo\\Reports\\DDTCountriesXML\\20191108_212158\\requests\\main\\null.har</message>
  <nestedLevel>1</nestedLevel>
  <property name="harId">e21872af-59b1-4a84-a431-b9091d5866b8</property>
</record>
<record>
  <date>2019-11-08T21:22:11</date>
  <millis>1573240931561</millis>
  <sequence>31</sequence>
  <level>PASSED</level>
  <class>com.kms.katalon.core.logging.XmlKeywordLogger</class>
  <method>logMessage</method>
  <thread>1</thread>
  <message>Send request successfully</message>
  <nestedLevel>1</nestedLevel>
</record>
<record>
  <date>2019-11-08T21:22:11</date>
  <millis>1573240931562</millis>
  <sequence>32</sequence>
  <level>END</level>
  <class>com.kms.katalon.core.logging.XmlKeywordLogger</class>
  <method>endKeyword</method>
  <thread>1</thread>
  <message>End action : Response2 = sendRequest(findTestObject(\&amp;quot;APIChaining.XML/GetCurrencySoapRequest\&amp;quot;))</message>
  <nestedLevel>1</nestedLevel>
</record>
<record>
  <date>2019-11-08T21:22:11</date>
  <millis>1573240931563</millis>
  <sequence>33</sequence>
  <level>PASSED</level>
  <class>com.kms.katalon.core.logging.XmlKeywordLogger</class>
  <method>logMessage</method>
  <thread>1</thread>
  <message>Test Cases/DDTTestCasesMethod/SOAPDataDrivenTesting</message>
  <nestedLevel>1</nestedLevel>
</record>
<record>
  <date>2019-11-08T21:22:11</date>
  <millis>1573240931565</millis>
  <sequence>34</sequence>
  <level>END</level>
  <class>com.kms.katalon.core.logging.XmlKeywordLogger</class>
  <method>endTest</method>
  <thread>1</thread>
  <message>End Test Case : Test Cases/DDTTestCasesMethod/SOAPDataDrivenTesting</message>
  <nestedLevel>0</nestedLevel>
</record>
<record>
  <date>2019-11-08T21:22:11</date>
  <millis>1573240931571</millis>
  <sequence>35</sequence>
  <level>START</level>
  <class>com.kms.katalon.core.logging.XmlKeywordLogger</class>
  <method>startTest</method>
  <thread>1</thread>
  <message>Start Test Case : Test Cases/DDTTestCasesMethod/SOAPDataDrivenTesting</message>
  <nestedLevel>1</nestedLevel>
  <property name="name">Test Cases/DDTTestCasesMethod/SOAPDataDrivenTesting</property>
  <property name="description"></property>
  <property name="id">Test Cases/DDTTestCasesMethod/SOAPDataDrivenTesting</property>
  <property name="source">D:\\Work\\Katalon Studio\\API Demo\\Test Cases\\DDTTestCasesMethod\\SOAPDataDrivenTesting.tc</property>
  <property name="tag"></property>
  <property name="isOptional">false</property>
</record>
<record>
  <date>2019-11-08T21:22:11</date>
  <millis>1573240931590</millis>
  <sequence>37</sequence>
  <level>INFO</level>
  <class>com.kms.katalon.core.logging.XmlKeywordLogger</class>
  <method>logMessage</method>
  <thread>1</thread>
  <message>countrycode = US</message>
  <nestedLevel>1</nestedLevel>
</record>
<record>
  <date>2019-11-08T21:22:11</date>
  <millis>1573240931591</millis>
  <sequence>38</sequence>
  <level>INFO</level>
  <class>com.kms.katalon.core.logging.XmlKeywordLogger</class>
  <method>logMessage</method>
  <thread>1</thread>
  <message>capital = Washington</message>
  <nestedLevel>1</nestedLevel>
</record>
<record>
  <date>2019-11-08T21:22:11</date>
  <millis>1573240931597</millis>
  <sequence>39</sequence>
  <level>INFO</level>
  <class>com.kms.katalon.core.logging.XmlKeywordLogger</class>
  <method>logMessage</method>
  <thread>1</thread>
  <message>curruncy = Dollars</message>
  <nestedLevel>1</nestedLevel>
</record>
<record>
  <date>2019-11-08T21:22:11</date>
  <millis>1573240931601</millis>
  <sequence>40</sequence>
  <level>START</level>
  <class>com.kms.katalon.core.logging.XmlKeywordLogger</class>
  <method>startKeyword</method>
  <thread>1</thread>
  <message>Start action : println(\&amp;quot;.........country code is : \&amp;quot; + countrycode)</message>
  <nestedLevel>1</nestedLevel>
  <property name="startLine">16</property>
  <property name="stepIndex">1</property>
</record>
<record>
  <date>2019-11-08T21:22:11</date>
  <millis>1573240931602</millis>
  <sequence>41</sequence>
  <level>END</level>
  <class>com.kms.katalon.core.logging.XmlKeywordLogger</class>
  <method>endKeyword</method>
  <thread>1</thread>
  <message>End action : println(\&amp;quot;.........country code is : \&amp;quot; + countrycode)</message>
  <nestedLevel>1</nestedLevel>
</record>
<record>
  <date>2019-11-08T21:22:11</date>
  <millis>1573240931603</millis>
  <sequence>42</sequence>
  <level>START</level>
  <class>com.kms.katalon.core.logging.XmlKeywordLogger</class>
  <method>startKeyword</method>
  <thread>1</thread>
  <message>Start action : println(\&amp;quot;.........capital is : \&amp;quot; + capital)</message>
  <nestedLevel>1</nestedLevel>
  <property name="startLine">18</property>
  <property name="stepIndex">2</property>
</record>
<record>
  <date>2019-11-08T21:22:11</date>
  <millis>1573240931604</millis>
  <sequence>43</sequence>
  <level>END</level>
  <class>com.kms.katalon.core.logging.XmlKeywordLogger</class>
  <method>endKeyword</method>
  <thread>1</thread>
  <message>End action : println(\&amp;quot;.........capital is : \&amp;quot; + capital)</message>
  <nestedLevel>1</nestedLevel>
</record>
<record>
  <date>2019-11-08T21:22:11</date>
  <millis>1573240931604</millis>
  <sequence>44</sequence>
  <level>START</level>
  <class>com.kms.katalon.core.logging.XmlKeywordLogger</class>
  <method>startKeyword</method>
  <thread>1</thread>
  <message>Start action : println(\&amp;quot;.........curruncy is : \&amp;quot; + curruncy)</message>
  <nestedLevel>1</nestedLevel>
  <property name="startLine">20</property>
  <property name="stepIndex">3</property>
</record>
<record>
  <date>2019-11-08T21:22:11</date>
  <millis>1573240931610</millis>
  <sequence>45</sequence>
  <level>END</level>
  <class>com.kms.katalon.core.logging.XmlKeywordLogger</class>
  <method>endKeyword</method>
  <thread>1</thread>
  <message>End action : println(\&amp;quot;.........curruncy is : \&amp;quot; + curruncy)</message>
  <nestedLevel>1</nestedLevel>
</record>
<record>
  <date>2019-11-08T21:22:11</date>
  <millis>1573240931611</millis>
  <sequence>46</sequence>
  <level>START</level>
  <class>com.kms.katalon.core.logging.XmlKeywordLogger</class>
  <method>startKeyword</method>
  <thread>1</thread>
  <message>Start action : Response1 = sendRequest(findTestObject(\&amp;quot;APIChaining.XML/GetCapitalCity\&amp;quot;))</message>
  <nestedLevel>1</nestedLevel>
  <property name="startLine">22</property>
  <property name="stepIndex">4</property>
</record>
<record>
  <date>2019-11-08T21:22:13</date>
  <millis>1573240933567</millis>
  <sequence>50</sequence>
  <level>INFO</level>
  <class>com.kms.katalon.core.logging.XmlKeywordLogger</class>
  <method>logMessage</method>
  <thread>1</thread>
  <message>HAR: D:\\Work\\Katalon Studio\\API Demo\\Reports\\DDTCountriesXML\\20191108_212158\\requests\\main\\null.har</message>
  <nestedLevel>1</nestedLevel>
  <property name="harId">829e17e3-7cd2-4b8c-8a54-fc49ce0a9b7e</property>
</record>
<record>
  <date>2019-11-08T21:22:13</date>
  <millis>1573240933570</millis>
  <sequence>51</sequence>
  <level>PASSED</level>
  <class>com.kms.katalon.core.logging.XmlKeywordLogger</class>
  <method>logMessage</method>
  <thread>1</thread>
  <message>Send request successfully</message>
  <nestedLevel>1</nestedLevel>
</record>
<record>
  <date>2019-11-08T21:22:13</date>
  <millis>1573240933571</millis>
  <sequence>52</sequence>
  <level>END</level>
  <class>com.kms.katalon.core.logging.XmlKeywordLogger</class>
  <method>endKeyword</method>
  <thread>1</thread>
  <message>End action : Response1 = sendRequest(findTestObject(\&amp;quot;APIChaining.XML/GetCapitalCity\&amp;quot;))</message>
  <nestedLevel>1</nestedLevel>
</record>
<record>
  <date>2019-11-08T21:22:13</date>
  <millis>1573240933571</millis>
  <sequence>53</sequence>
  <level>START</level>
  <class>com.kms.katalon.core.logging.XmlKeywordLogger</class>
  <method>startKeyword</method>
  <thread>1</thread>
  <message>Start action : verifyElementText(Response1, \&amp;quot;CapitalCityResponse.CapitalCityResult\&amp;quot;, capital)</message>
  <nestedLevel>1</nestedLevel>
  <property name="startLine">24</property>
  <property name="stepIndex">5</property>
</record>
<record>
  <date>2019-11-08T21:22:13</date>
  <millis>1573240933614</millis>
  <sequence>55</sequence>
  <level>FAILED</level>
  <class>com.kms.katalon.core.logging.XmlKeywordLogger</class>
  <method>logMessage</method>
  <thread>1</thread>
  <message>Expected text is &amp;apos;Washington&amp;apos; but actual element text is: New Delhi</message>
  <nestedLevel>1</nestedLevel>
</record>
<record>
  <date>2019-11-08T21:22:13</date>
  <millis>1573240933623</millis>
  <sequence>57</sequence>
  <level>FAILED</level>
  <class>com.kms.katalon.core.logging.XmlKeywordLogger</class>
  <method>logMessage</method>
  <thread>1</thread>
  <message>Unable to verify element text (Root cause: com.kms.katalon.core.exception.StepFailedException: Expected text is &amp;apos;Washington&amp;apos; but actual element text is: New Delhi\r\n\tat com.kms.katalon.core.keyword.internal.KeywordMain.stepFailed(KeywordMain.groovy:48)\r\n\tat com.kms.katalon.core.webservice.keyword.builtin.VerifyElementTextKeyword$_verifyElementText_closure1.doCall(VerifyElementTextKeyword.groovy:52)\r\n\tat com.kms.katalon.core.webservice.keyword.builtin.VerifyElementTextKeyword$_verifyElementText_closure1.call(VerifyElementTextKeyword.groovy)\r\n\tat com.kms.katalon.core.keyword.internal.KeywordMain.runKeyword(KeywordMain.groovy:66)\r\n\tat com.kms.katalon.core.webservice.keyword.builtin.VerifyElementTextKeyword.verifyElementText(VerifyElementTextKeyword.groovy:45)\r\n\tat com.kms.katalon.core.webservice.keyword.builtin.VerifyElementTextKeyword.execute(VerifyElementTextKeyword.groovy:40)\r\n\tat com.kms.katalon.core.keyword.internal.KeywordExecutor.executeKeywordForPlatform(KeywordExecutor.groovy:56)\r\n\tat com.kms.katalon.core.webservice.keyword.WSBuiltInKeywords.verifyElementText(WSBuiltInKeywords.groovy:154)\r\n\tat com.kms.katalon.core.webservice.keyword.WSBuiltInKeywords$verifyElementText$0.call(Unknown Source)\r\n\tat SOAPDataDrivenTesting.run(SOAPDataDrivenTesting:24)\r\n\tat com.kms.katalon.core.main.ScriptEngine.run(ScriptEngine.java:194)\r\n\tat com.kms.katalon.core.main.ScriptEngine.runScriptAsRawText(ScriptEngine.java:119)\r\n\tat com.kms.katalon.core.main.TestCaseExecutor.runScript(TestCaseExecutor.java:336)\r\n\tat com.kms.katalon.core.main.TestCaseExecutor.doExecute(TestCaseExecutor.java:327)\r\n\tat com.kms.katalon.core.main.TestCaseExecutor.processExecutionPhase(TestCaseExecutor.java:306)\r\n\tat com.kms.katalon.core.main.TestCaseExecutor.accessMainPhase(TestCaseExecutor.java:298)\r\n\tat com.kms.katalon.core.main.TestCaseExecutor.execute(TestCaseExecutor.java:232)\r\n\tat com.kms.katalon.core.main.TestSuiteExecutor.accessTestCaseMainPhase(TestSuiteExecutor.java:129)\r\n\tat com.kms.katalon.core.main.TestSuiteExecutor.accessTestSuiteMainPhase(TestSuiteExecutor.java:112)\r\n\tat com.kms.katalon.core.main.TestSuiteExecutor.execute(TestSuiteExecutor.java:81)\r\n\tat com.kms.katalon.core.main.TestCaseMain.startTestSuite(TestCaseMain.java:157)\r\n\tat com.kms.katalon.core.main.TestCaseMain$startTestSuite$0.call(Unknown Source)\r\n\tat TempTestSuite1573240918357.run(TempTestSuite1573240918357.groovy:35)\r\n)</message>
  <nestedLevel>1</nestedLevel>
</record>
<record>
  <date>2019-11-08T21:22:13</date>
  <millis>1573240933624</millis>
  <sequence>58</sequence>
  <level>END</level>
  <class>com.kms.katalon.core.logging.XmlKeywordLogger</class>
  <method>endKeyword</method>
  <thread>1</thread>
  <message>End action : verifyElementText(Response1, \&amp;quot;CapitalCityResponse.CapitalCityResult\&amp;quot;, capital)</message>
  <nestedLevel>1</nestedLevel>
</record>
<record>
  <date>2019-11-08T21:22:13</date>
  <millis>1573240933625</millis>
  <sequence>60</sequence>
  <logger>com.kms.katalon.core.logging.XmlKeywordLogger</logger>
  <level>FAILED</level>
  <class>com.kms.katalon.core.logging.XmlKeywordLogger</class>
  <method>logMessage</method>
  <thread>1</thread>
  <message>Test Cases/DDTTestCasesMethod/SOAPDataDrivenTesting FAILED.\nReason:\ncom.kms.katalon.core.exception.StepFailedException: Expected text is &amp;apos;Washington&amp;apos; but actual element text is: New Delhi\r\n\tat com.kms.katalon.core.keyword.internal.KeywordMain.stepFailed(KeywordMain.groovy:48)\r\n\tat com.kms.katalon.core.webservice.keyword.builtin.VerifyElementTextKeyword$_verifyElementText_closure1.doCall(VerifyElementTextKeyword.groovy:52)\r\n\tat com.kms.katalon.core.webservice.keyword.builtin.VerifyElementTextKeyword$_verifyElementText_closure1.call(VerifyElementTextKeyword.groovy)\r\n\tat com.kms.katalon.core.keyword.internal.KeywordMain.runKeyword(KeywordMain.groovy:66)\r\n\tat com.kms.katalon.core.webservice.keyword.builtin.VerifyElementTextKeyword.verifyElementText(VerifyElementTextKeyword.groovy:45)\r\n\tat com.kms.katalon.core.webservice.keyword.builtin.VerifyElementTextKeyword.execute(VerifyElementTextKeyword.groovy:40)\r\n\tat com.kms.katalon.core.keyword.internal.KeywordExecutor.executeKeywordForPlatform(KeywordExecutor.groovy:56)\r\n\tat com.kms.katalon.core.webservice.keyword.WSBuiltInKeywords.verifyElementText(WSBuiltInKeywords.groovy:154)\r\n\tat com.kms.katalon.core.webservice.keyword.WSBuiltInKeywords$verifyElementText$0.call(Unknown Source)\r\n\tat SOAPDataDrivenTesting.run(SOAPDataDrivenTesting:24)\r\n\tat com.kms.katalon.core.main.ScriptEngine.run(ScriptEngine.java:194)\r\n\tat com.kms.katalon.core.main.ScriptEngine.runScriptAsRawText(ScriptEngine.java:119)\r\n\tat com.kms.katalon.core.main.TestCaseExecutor.runScript(TestCaseExecutor.java:336)\r\n\tat com.kms.katalon.core.main.TestCaseExecutor.doExecute(TestCaseExecutor.java:327)\r\n\tat com.kms.katalon.core.main.TestCaseExecutor.processExecutionPhase(TestCaseExecutor.java:306)\r\n\tat com.kms.katalon.core.main.TestCaseExecutor.accessMainPhase(TestCaseExecutor.java:298)\r\n\tat com.kms.katalon.core.main.TestCaseExecutor.execute(TestCaseExecutor.java:232)\r\n\tat com.kms.katalon.core.main.TestSuiteExecutor.accessTestCaseMainPhase(TestSuiteExecutor.java:129)\r\n\tat com.kms.katalon.core.main.TestSuiteExecutor.accessTestSuiteMainPhase(TestSuiteExecutor.java:112)\r\n\tat com.kms.katalon.core.main.TestSuiteExecutor.execute(TestSuiteExecutor.java:81)\r\n\tat com.kms.katalon.core.main.TestCaseMain.startTestSuite(TestCaseMain.java:157)\r\n\tat com.kms.katalon.core.main.TestCaseMain$startTestSuite$0.call(Unknown Source)\r\n\tat TempTestSuite1573240918357.run(TempTestSuite1573240918357.groovy:35)\r\n</message>
  <exception>
    <message>com.kms.katalon.core.exception.StepFailedException: Expected text is 'Washington' but actual element text is: New Delhi</message>
    <frame>
      <class>com.kms.katalon.core.keyword.internal.KeywordMain</class>
      <method>stepFailed</method>
      <line>48</line>
    </frame>
    <frame>
      <class>com.kms.katalon.core.webservice.keyword.builtin.VerifyElementTextKeyword$_verifyElementText_closure1</class>
      <method>doCall</method>
      <line>52</line>
    </frame>
    <frame>
      <class>com.kms.katalon.core.webservice.keyword.builtin.VerifyElementTextKeyword$_verifyElementText_closure1</class>
      <method>call</method>
    </frame>
    <frame>
      <class>com.kms.katalon.core.keyword.internal.KeywordMain</class>
      <method>runKeyword</method>
      <line>66</line>
    </frame>
    <frame>
      <class>com.kms.katalon.core.webservice.keyword.builtin.VerifyElementTextKeyword</class>
      <method>verifyElementText</method>
      <line>45</line>
    </frame>
    <frame>
      <class>com.kms.katalon.core.webservice.keyword.builtin.VerifyElementTextKeyword</class>
      <method>execute</method>
      <line>40</line>
    </frame>
    <frame>
      <class>com.kms.katalon.core.keyword.internal.KeywordExecutor</class>
      <method>executeKeywordForPlatform</method>
      <line>56</line>
    </frame>
    <frame>
      <class>com.kms.katalon.core.webservice.keyword.WSBuiltInKeywords</class>
      <method>verifyElementText</method>
      <line>154</line>
    </frame>
    <frame>
      <class>com.kms.katalon.core.webservice.keyword.WSBuiltInKeywords$verifyElementText$0</class>
      <method>call</method>
    </frame>
    <frame>
      <class>SOAPDataDrivenTesting</class>
      <method>run</method>
      <line>24</line>
    </frame>
    <frame>
      <class>com.kms.katalon.core.main.ScriptEngine</class>
      <method>run</method>
      <line>194</line>
    </frame>
    <frame>
      <class>com.kms.katalon.core.main.ScriptEngine</class>
      <method>runScriptAsRawText</method>
      <line>119</line>
    </frame>
    <frame>
      <class>com.kms.katalon.core.main.TestCaseExecutor</class>
      <method>runScript</method>
      <line>336</line>
    </frame>
    <frame>
      <class>com.kms.katalon.core.main.TestCaseExecutor</class>
      <method>doExecute</method>
      <line>327</line>
    </frame>
    <frame>
      <class>com.kms.katalon.core.main.TestCaseExecutor</class>
      <method>processExecutionPhase</method>
      <line>306</line>
    </frame>
    <frame>
      <class>com.kms.katalon.core.main.TestCaseExecutor</class>
      <method>accessMainPhase</method>
      <line>298</line>
    </frame>
    <frame>
      <class>com.kms.katalon.core.main.TestCaseExecutor</class>
      <method>execute</method>
      <line>232</line>
    </frame>
    <frame>
      <class>com.kms.katalon.core.main.TestSuiteExecutor</class>
      <method>accessTestCaseMainPhase</method>
      <line>129</line>
    </frame>
    <frame>
      <class>com.kms.katalon.core.main.TestSuiteExecutor</class>
      <method>accessTestSuiteMainPhase</method>
      <line>112</line>
    </frame>
    <frame>
      <class>com.kms.katalon.core.main.TestSuiteExecutor</class>
      <method>execute</method>
      <line>81</line>
    </frame>
    <frame>
      <class>com.kms.katalon.core.main.TestCaseMain</class>
      <method>startTestSuite</method>
      <line>157</line>
    </frame>
    <frame>
      <class>com.kms.katalon.core.main.TestCaseMain$startTestSuite$0</class>
      <method>call</method>
    </frame>
    <frame>
      <class>TempTestSuite1573240918357</class>
      <method>run</method>
      <line>35</line>
    </frame>
  </exception>
  <nestedLevel>0</nestedLevel>
</record>
<record>
  <date>2019-11-08T21:22:13</date>
  <millis>1573240933628</millis>
  <sequence>61</sequence>
  <level>END</level>
  <class>com.kms.katalon.core.logging.XmlKeywordLogger</class>
  <method>endTest</method>
  <thread>1</thread>
  <message>End Test Case : Test Cases/DDTTestCasesMethod/SOAPDataDrivenTesting</message>
  <nestedLevel>0</nestedLevel>
</record>
<record>
  <date>2019-11-08T21:22:13</date>
  <millis>1573240933633</millis>
  <sequence>62</sequence>
  <level>START</level>
  <class>com.kms.katalon.core.logging.XmlKeywordLogger</class>
  <method>startTest</method>
  <thread>1</thread>
  <message>Start Test Case : Test Cases/DDTTestCasesMethod/SOAPDataDrivenTesting</message>
  <nestedLevel>1</nestedLevel>
  <property name="name">Test Cases/DDTTestCasesMethod/SOAPDataDrivenTesting</property>
  <property name="description"></property>
  <property name="id">Test Cases/DDTTestCasesMethod/SOAPDataDrivenTesting</property>
  <property name="source">D:\\Work\\Katalon Studio\\API Demo\\Test Cases\\DDTTestCasesMethod\\SOAPDataDrivenTesting.tc</property>
  <property name="tag"></property>
  <property name="isOptional">false</property>
</record>
<record>
  <date>2019-11-08T21:22:13</date>
  <millis>1573240933643</millis>
  <sequence>64</sequence>
  <level>INFO</level>
  <class>com.kms.katalon.core.logging.XmlKeywordLogger</class>
  <method>logMessage</method>
  <thread>1</thread>
  <message>countrycode = VN</message>
  <nestedLevel>1</nestedLevel>
</record>
<record>
  <date>2019-11-08T21:22:13</date>
  <millis>1573240933643</millis>
  <sequence>65</sequence>
  <level>INFO</level>
  <class>com.kms.katalon.core.logging.XmlKeywordLogger</class>
  <method>logMessage</method>
  <thread>1</thread>
  <message>capital = Hanoi</message>
  <nestedLevel>1</nestedLevel>
</record>
<record>
  <date>2019-11-08T21:22:13</date>
  <millis>1573240933644</millis>
  <sequence>66</sequence>
  <level>INFO</level>
  <class>com.kms.katalon.core.logging.XmlKeywordLogger</class>
  <method>logMessage</method>
  <thread>1</thread>
  <message>curruncy = Dong</message>
  <nestedLevel>1</nestedLevel>
</record>
<record>
  <date>2019-11-08T21:22:13</date>
  <millis>1573240933648</millis>
  <sequence>67</sequence>
  <level>START</level>
  <class>com.kms.katalon.core.logging.XmlKeywordLogger</class>
  <method>startKeyword</method>
  <thread>1</thread>
  <message>Start action : println(\&amp;quot;.........country code is : \&amp;quot; + countrycode)</message>
  <nestedLevel>1</nestedLevel>
  <property name="startLine">16</property>
  <property name="stepIndex">1</property>
</record>
<record>
  <date>2019-11-08T21:22:13</date>
  <millis>1573240933650</millis>
  <sequence>68</sequence>
  <level>END</level>
  <class>com.kms.katalon.core.logging.XmlKeywordLogger</class>
  <method>endKeyword</method>
  <thread>1</thread>
  <message>End action : println(\&amp;quot;.........country code is : \&amp;quot; + countrycode)</message>
  <nestedLevel>1</nestedLevel>
</record>
<record>
  <date>2019-11-08T21:22:13</date>
  <millis>1573240933650</millis>
  <sequence>69</sequence>
  <level>START</level>
  <class>com.kms.katalon.core.logging.XmlKeywordLogger</class>
  <method>startKeyword</method>
  <thread>1</thread>
  <message>Start action : println(\&amp;quot;.........capital is : \&amp;quot; + capital)</message>
  <nestedLevel>1</nestedLevel>
  <property name="startLine">18</property>
  <property name="stepIndex">2</property>
</record>
<record>
  <date>2019-11-08T21:22:13</date>
  <millis>1573240933652</millis>
  <sequence>70</sequence>
  <level>END</level>
  <class>com.kms.katalon.core.logging.XmlKeywordLogger</class>
  <method>endKeyword</method>
  <thread>1</thread>
  <message>End action : println(\&amp;quot;.........capital is : \&amp;quot; + capital)</message>
  <nestedLevel>1</nestedLevel>
</record>
<record>
  <date>2019-11-08T21:22:13</date>
  <millis>1573240933652</millis>
  <sequence>71</sequence>
  <level>START</level>
  <class>com.kms.katalon.core.logging.XmlKeywordLogger</class>
  <method>startKeyword</method>
  <thread>1</thread>
  <message>Start action : println(\&amp;quot;.........curruncy is : \&amp;quot; + curruncy)</message>
  <nestedLevel>1</nestedLevel>
  <property name="startLine">20</property>
  <property name="stepIndex">3</property>
</record>
<record>
  <date>2019-11-08T21:22:13</date>
  <millis>1573240933654</millis>
  <sequence>72</sequence>
  <level>END</level>
  <class>com.kms.katalon.core.logging.XmlKeywordLogger</class>
  <method>endKeyword</method>
  <thread>1</thread>
  <message>End action : println(\&amp;quot;.........curruncy is : \&amp;quot; + curruncy)</message>
  <nestedLevel>1</nestedLevel>
</record>
<record>
  <date>2019-11-08T21:22:13</date>
  <millis>1573240933655</millis>
  <sequence>73</sequence>
  <level>START</level>
  <class>com.kms.katalon.core.logging.XmlKeywordLogger</class>
  <method>startKeyword</method>
  <thread>1</thread>
  <message>Start action : Response1 = sendRequest(findTestObject(\&amp;quot;APIChaining.XML/GetCapitalCity\&amp;quot;))</message>
  <nestedLevel>1</nestedLevel>
  <property name="startLine">22</property>
  <property name="stepIndex">4</property>
</record>
<record>
  <date>2019-11-08T21:22:16</date>
  <millis>1573240936838</millis>
  <sequence>77</sequence>
  <level>INFO</level>
  <class>com.kms.katalon.core.logging.XmlKeywordLogger</class>
  <method>logMessage</method>
  <thread>1</thread>
  <message>HAR: D:\\Work\\Katalon Studio\\API Demo\\Reports\\DDTCountriesXML\\20191108_212158\\requests\\main\\null.har</message>
  <nestedLevel>1</nestedLevel>
  <property name="harId">2b5c51c7-0969-4d89-9209-f5fc5f85c9f4</property>
</record>
<record>
  <date>2019-11-08T21:22:16</date>
  <millis>1573240936840</millis>
  <sequence>78</sequence>
  <level>PASSED</level>
  <class>com.kms.katalon.core.logging.XmlKeywordLogger</class>
  <method>logMessage</method>
  <thread>1</thread>
  <message>Send request successfully</message>
  <nestedLevel>1</nestedLevel>
</record>
<record>
  <date>2019-11-08T21:22:16</date>
  <millis>1573240936841</millis>
  <sequence>79</sequence>
  <level>END</level>
  <class>com.kms.katalon.core.logging.XmlKeywordLogger</class>
  <method>endKeyword</method>
  <thread>1</thread>
  <message>End action : Response1 = sendRequest(findTestObject(\&amp;quot;APIChaining.XML/GetCapitalCity\&amp;quot;))</message>
  <nestedLevel>1</nestedLevel>
</record>
<record>
  <date>2019-11-08T21:22:16</date>
  <millis>1573240936842</millis>
  <sequence>80</sequence>
  <level>START</level>
  <class>com.kms.katalon.core.logging.XmlKeywordLogger</class>
  <method>startKeyword</method>
  <thread>1</thread>
  <message>Start action : verifyElementText(Response1, \&amp;quot;CapitalCityResponse.CapitalCityResult\&amp;quot;, capital)</message>
  <nestedLevel>1</nestedLevel>
  <property name="startLine">24</property>
  <property name="stepIndex">5</property>
</record>
<record>
  <date>2019-11-08T21:22:16</date>
  <millis>1573240936890</millis>
  <sequence>82</sequence>
  <level>FAILED</level>
  <class>com.kms.katalon.core.logging.XmlKeywordLogger</class>
  <method>logMessage</method>
  <thread>1</thread>
  <message>Expected text is &amp;apos;Hanoi&amp;apos; but actual element text is: New Delhi</message>
  <nestedLevel>1</nestedLevel>
</record>
<record>
  <date>2019-11-08T21:22:16</date>
  <millis>1573240936892</millis>
  <sequence>84</sequence>
  <level>FAILED</level>
  <class>com.kms.katalon.core.logging.XmlKeywordLogger</class>
  <method>logMessage</method>
  <thread>1</thread>
  <message>Unable to verify element text (Root cause: com.kms.katalon.core.exception.StepFailedException: Expected text is &amp;apos;Hanoi&amp;apos; but actual element text is: New Delhi\r\n\tat com.kms.katalon.core.keyword.internal.KeywordMain.stepFailed(KeywordMain.groovy:48)\r\n\tat com.kms.katalon.core.webservice.keyword.builtin.VerifyElementTextKeyword$_verifyElementText_closure1.doCall(VerifyElementTextKeyword.groovy:52)\r\n\tat com.kms.katalon.core.webservice.keyword.builtin.VerifyElementTextKeyword$_verifyElementText_closure1.call(VerifyElementTextKeyword.groovy)\r\n\tat com.kms.katalon.core.keyword.internal.KeywordMain.runKeyword(KeywordMain.groovy:66)\r\n\tat com.kms.katalon.core.webservice.keyword.builtin.VerifyElementTextKeyword.verifyElementText(VerifyElementTextKeyword.groovy:45)\r\n\tat com.kms.katalon.core.webservice.keyword.builtin.VerifyElementTextKeyword.execute(VerifyElementTextKeyword.groovy:40)\r\n\tat com.kms.katalon.core.keyword.internal.KeywordExecutor.executeKeywordForPlatform(KeywordExecutor.groovy:56)\r\n\tat com.kms.katalon.core.webservice.keyword.WSBuiltInKeywords.verifyElementText(WSBuiltInKeywords.groovy:154)\r\n\tat com.kms.katalon.core.webservice.keyword.WSBuiltInKeywords$verifyElementText$0.call(Unknown Source)\r\n\tat SOAPDataDrivenTesting.run(SOAPDataDrivenTesting:24)\r\n\tat com.kms.katalon.core.main.ScriptEngine.run(ScriptEngine.java:194)\r\n\tat com.kms.katalon.core.main.ScriptEngine.runScriptAsRawText(ScriptEngine.java:119)\r\n\tat com.kms.katalon.core.main.TestCaseExecutor.runScript(TestCaseExecutor.java:336)\r\n\tat com.kms.katalon.core.main.TestCaseExecutor.doExecute(TestCaseExecutor.java:327)\r\n\tat com.kms.katalon.core.main.TestCaseExecutor.processExecutionPhase(TestCaseExecutor.java:306)\r\n\tat com.kms.katalon.core.main.TestCaseExecutor.accessMainPhase(TestCaseExecutor.java:298)\r\n\tat com.kms.katalon.core.main.TestCaseExecutor.execute(TestCaseExecutor.java:232)\r\n\tat com.kms.katalon.core.main.TestSuiteExecutor.accessTestCaseMainPhase(TestSuiteExecutor.java:129)\r\n\tat com.kms.katalon.core.main.TestSuiteExecutor.accessTestSuiteMainPhase(TestSuiteExecutor.java:112)\r\n\tat com.kms.katalon.core.main.TestSuiteExecutor.execute(TestSuiteExecutor.java:81)\r\n\tat com.kms.katalon.core.main.TestCaseMain.startTestSuite(TestCaseMain.java:157)\r\n\tat com.kms.katalon.core.main.TestCaseMain$startTestSuite$0.call(Unknown Source)\r\n\tat TempTestSuite1573240918357.run(TempTestSuite1573240918357.groovy:35)\r\n)</message>
  <nestedLevel>1</nestedLevel>
</record>
<record>
  <date>2019-11-08T21:22:16</date>
  <millis>1573240936894</millis>
  <sequence>85</sequence>
  <level>END</level>
  <class>com.kms.katalon.core.logging.XmlKeywordLogger</class>
  <method>endKeyword</method>
  <thread>1</thread>
  <message>End action : verifyElementText(Response1, \&amp;quot;CapitalCityResponse.CapitalCityResult\&amp;quot;, capital)</message>
  <nestedLevel>1</nestedLevel>
</record>
<record>
  <date>2019-11-08T21:22:16</date>
  <millis>1573240936897</millis>
  <sequence>87</sequence>
  <logger>com.kms.katalon.core.logging.XmlKeywordLogger</logger>
  <level>FAILED</level>
  <class>com.kms.katalon.core.logging.XmlKeywordLogger</class>
  <method>logMessage</method>
  <thread>1</thread>
  <message>Test Cases/DDTTestCasesMethod/SOAPDataDrivenTesting FAILED.\nReason:\ncom.kms.katalon.core.exception.StepFailedException: Expected text is &amp;apos;Hanoi&amp;apos; but actual element text is: New Delhi\r\n\tat com.kms.katalon.core.keyword.internal.KeywordMain.stepFailed(KeywordMain.groovy:48)\r\n\tat com.kms.katalon.core.webservice.keyword.builtin.VerifyElementTextKeyword$_verifyElementText_closure1.doCall(VerifyElementTextKeyword.groovy:52)\r\n\tat com.kms.katalon.core.webservice.keyword.builtin.VerifyElementTextKeyword$_verifyElementText_closure1.call(VerifyElementTextKeyword.groovy)\r\n\tat com.kms.katalon.core.keyword.internal.KeywordMain.runKeyword(KeywordMain.groovy:66)\r\n\tat com.kms.katalon.core.webservice.keyword.builtin.VerifyElementTextKeyword.verifyElementText(VerifyElementTextKeyword.groovy:45)\r\n\tat com.kms.katalon.core.webservice.keyword.builtin.VerifyElementTextKeyword.execute(VerifyElementTextKeyword.groovy:40)\r\n\tat com.kms.katalon.core.keyword.internal.KeywordExecutor.executeKeywordForPlatform(KeywordExecutor.groovy:56)\r\n\tat com.kms.katalon.core.webservice.keyword.WSBuiltInKeywords.verifyElementText(WSBuiltInKeywords.groovy:154)\r\n\tat com.kms.katalon.core.webservice.keyword.WSBuiltInKeywords$verifyElementText$0.call(Unknown Source)\r\n\tat SOAPDataDrivenTesting.run(SOAPDataDrivenTesting:24)\r\n\tat com.kms.katalon.core.main.ScriptEngine.run(ScriptEngine.java:194)\r\n\tat com.kms.katalon.core.main.ScriptEngine.runScriptAsRawText(ScriptEngine.java:119)\r\n\tat com.kms.katalon.core.main.TestCaseExecutor.runScript(TestCaseExecutor.java:336)\r\n\tat com.kms.katalon.core.main.TestCaseExecutor.doExecute(TestCaseExecutor.java:327)\r\n\tat com.kms.katalon.core.main.TestCaseExecutor.processExecutionPhase(TestCaseExecutor.java:306)\r\n\tat com.kms.katalon.core.main.TestCaseExecutor.accessMainPhase(TestCaseExecutor.java:298)\r\n\tat com.kms.katalon.core.main.TestCaseExecutor.execute(TestCaseExecutor.java:232)\r\n\tat com.kms.katalon.core.main.TestSuiteExecutor.accessTestCaseMainPhase(TestSuiteExecutor.java:129)\r\n\tat com.kms.katalon.core.main.TestSuiteExecutor.accessTestSuiteMainPhase(TestSuiteExecutor.java:112)\r\n\tat com.kms.katalon.core.main.TestSuiteExecutor.execute(TestSuiteExecutor.java:81)\r\n\tat com.kms.katalon.core.main.TestCaseMain.startTestSuite(TestCaseMain.java:157)\r\n\tat com.kms.katalon.core.main.TestCaseMain$startTestSuite$0.call(Unknown Source)\r\n\tat TempTestSuite1573240918357.run(TempTestSuite1573240918357.groovy:35)\r\n</message>
  <exception>
    <message>com.kms.katalon.core.exception.StepFailedException: Expected text is 'Hanoi' but actual element text is: New Delhi</message>
    <frame>
      <class>com.kms.katalon.core.keyword.internal.KeywordMain</class>
      <method>stepFailed</method>
      <line>48</line>
    </frame>
    <frame>
      <class>com.kms.katalon.core.webservice.keyword.builtin.VerifyElementTextKeyword$_verifyElementText_closure1</class>
      <method>doCall</method>
      <line>52</line>
    </frame>
    <frame>
      <class>com.kms.katalon.core.webservice.keyword.builtin.VerifyElementTextKeyword$_verifyElementText_closure1</class>
      <method>call</method>
    </frame>
    <frame>
      <class>com.kms.katalon.core.keyword.internal.KeywordMain</class>
      <method>runKeyword</method>
      <line>66</line>
    </frame>
    <frame>
      <class>com.kms.katalon.core.webservice.keyword.builtin.VerifyElementTextKeyword</class>
      <method>verifyElementText</method>
      <line>45</line>
    </frame>
    <frame>
      <class>com.kms.katalon.core.webservice.keyword.builtin.VerifyElementTextKeyword</class>
      <method>execute</method>
      <line>40</line>
    </frame>
    <frame>
      <class>com.kms.katalon.core.keyword.internal.KeywordExecutor</class>
      <method>executeKeywordForPlatform</method>
      <line>56</line>
    </frame>
    <frame>
      <class>com.kms.katalon.core.webservice.keyword.WSBuiltInKeywords</class>
      <method>verifyElementText</method>
      <line>154</line>
    </frame>
    <frame>
      <class>com.kms.katalon.core.webservice.keyword.WSBuiltInKeywords$verifyElementText$0</class>
      <method>call</method>
    </frame>
    <frame>
      <class>SOAPDataDrivenTesting</class>
      <method>run</method>
      <line>24</line>
    </frame>
    <frame>
      <class>com.kms.katalon.core.main.ScriptEngine</class>
      <method>run</method>
      <line>194</line>
    </frame>
    <frame>
      <class>com.kms.katalon.core.main.ScriptEngine</class>
      <method>runScriptAsRawText</method>
      <line>119</line>
    </frame>
    <frame>
      <class>com.kms.katalon.core.main.TestCaseExecutor</class>
      <method>runScript</method>
      <line>336</line>
    </frame>
    <frame>
      <class>com.kms.katalon.core.main.TestCaseExecutor</class>
      <method>doExecute</method>
      <line>327</line>
    </frame>
    <frame>
      <class>com.kms.katalon.core.main.TestCaseExecutor</class>
      <method>processExecutionPhase</method>
      <line>306</line>
    </frame>
    <frame>
      <class>com.kms.katalon.core.main.TestCaseExecutor</class>
      <method>accessMainPhase</method>
      <line>298</line>
    </frame>
    <frame>
      <class>com.kms.katalon.core.main.TestCaseExecutor</class>
      <method>execute</method>
      <line>232</line>
    </frame>
    <frame>
      <class>com.kms.katalon.core.main.TestSuiteExecutor</class>
      <method>accessTestCaseMainPhase</method>
      <line>129</line>
    </frame>
    <frame>
      <class>com.kms.katalon.core.main.TestSuiteExecutor</class>
      <method>accessTestSuiteMainPhase</method>
      <line>112</line>
    </frame>
    <frame>
      <class>com.kms.katalon.core.main.TestSuiteExecutor</class>
      <method>execute</method>
      <line>81</line>
    </frame>
    <frame>
      <class>com.kms.katalon.core.main.TestCaseMain</class>
      <method>startTestSuite</method>
      <line>157</line>
    </frame>
    <frame>
      <class>com.kms.katalon.core.main.TestCaseMain$startTestSuite$0</class>
      <method>call</method>
    </frame>
    <frame>
      <class>TempTestSuite1573240918357</class>
      <method>run</method>
      <line>35</line>
    </frame>
  </exception>
  <nestedLevel>0</nestedLevel>
</record>
<record>
  <date>2019-11-08T21:22:16</date>
  <millis>1573240936900</millis>
  <sequence>88</sequence>
  <level>END</level>
  <class>com.kms.katalon.core.logging.XmlKeywordLogger</class>
  <method>endTest</method>
  <thread>1</thread>
  <message>End Test Case : Test Cases/DDTTestCasesMethod/SOAPDataDrivenTesting</message>
  <nestedLevel>0</nestedLevel>
</record>
<record>
  <date>2019-11-08T21:22:16</date>
  <millis>1573240936986</millis>
  <sequence>89</sequence>
  <level>END</level>
  <class>com.kms.katalon.core.logging.XmlKeywordLogger</class>
  <method>endSuite</method>
  <thread>1</thread>
  <message>End Test Suite : Test Suites/DDTCountriesXML</message>
  <nestedLevel>0</nestedLevel>
</record>
</log>