<?xml version="1.0" encoding="UTF-8" standalone="no"?>
<!DOCTYPE log SYSTEM "logger.dtd">
<log>
<record>
  <date>2019-11-08T21:45:19</date>
  <millis>1573242319185</millis>
  <sequence>0</sequence>
  <level>START</level>
  <class>com.kms.katalon.core.logging.XmlKeywordLogger</class>
  <method>startSuite</method>
  <thread>1</thread>
  <message>Start Test Suite : Test Suites/DDTCountriesXML</message>
  <nestedLevel>0</nestedLevel>
  <property name="name">DDTCountriesXML</property>
  <property name="description"></property>
  <property name="id">Test Suites/DDTCountriesXML</property>
</record>
<record>
  <date>2019-11-08T21:45:19</date>
  <millis>1573242319208</millis>
  <sequence>1</sequence>
  <level>RUN_DATA</level>
  <class>com.kms.katalon.core.logging.XmlKeywordLogger</class>
  <method>logMessage</method>
  <thread>1</thread>
  <message>hostName = Zangabela - Rana-PC</message>
  <nestedLevel>0</nestedLevel>
  <property name="hostName">Zangabela - Rana-PC</property>
</record>
<record>
  <date>2019-11-08T21:45:19</date>
  <millis>1573242319210</millis>
  <sequence>2</sequence>
  <level>RUN_DATA</level>
  <class>com.kms.katalon.core.logging.XmlKeywordLogger</class>
  <method>logMessage</method>
  <thread>1</thread>
  <message>os = Windows 10 64bit</message>
  <nestedLevel>0</nestedLevel>
  <property name="os">Windows 10 64bit</property>
</record>
<record>
  <date>2019-11-08T21:45:19</date>
  <millis>1573242319211</millis>
  <sequence>3</sequence>
  <level>RUN_DATA</level>
  <class>com.kms.katalon.core.logging.XmlKeywordLogger</class>
  <method>logMessage</method>
  <thread>1</thread>
  <message>hostAddress = 192.168.1.4</message>
  <nestedLevel>0</nestedLevel>
  <property name="hostAddress">192.168.1.4</property>
</record>
<record>
  <date>2019-11-08T21:45:19</date>
  <millis>1573242319214</millis>
  <sequence>4</sequence>
  <level>RUN_DATA</level>
  <class>com.kms.katalon.core.logging.XmlKeywordLogger</class>
  <method>logMessage</method>
  <thread>1</thread>
  <message>katalonVersion = 6.1.4.1</message>
  <nestedLevel>0</nestedLevel>
  <property name="katalonVersion">6.1.4.1</property>
</record>
<record>
  <date>2019-11-08T21:45:19</date>
  <millis>1573242319654</millis>
  <sequence>5</sequence>
  <level>START</level>
  <class>com.kms.katalon.core.logging.XmlKeywordLogger</class>
  <method>startTest</method>
  <thread>1</thread>
  <message>Start Test Case : Test Cases/DDTTestCasesMethod/SOAPDataDrivenTesting</message>
  <nestedLevel>1</nestedLevel>
  <property name="name">Test Cases/DDTTestCasesMethod/SOAPDataDrivenTesting</property>
  <property name="description"></property>
  <property name="id">Test Cases/DDTTestCasesMethod/SOAPDataDrivenTesting</property>
  <property name="source">D:\\Work\\Katalon Studio\\API Demo\\Test Cases\\DDTTestCasesMethod\\SOAPDataDrivenTesting.tc</property>
  <property name="tag"></property>
  <property name="isOptional">false</property>
</record>
<record>
  <date>2019-11-08T21:45:19</date>
  <millis>1573242319710</millis>
  <sequence>7</sequence>
  <level>INFO</level>
  <class>com.kms.katalon.core.logging.XmlKeywordLogger</class>
  <method>logMessage</method>
  <thread>1</thread>
  <message>countrycode = IN</message>
  <nestedLevel>1</nestedLevel>
</record>
<record>
  <date>2019-11-08T21:45:19</date>
  <millis>1573242319729</millis>
  <sequence>8</sequence>
  <level>INFO</level>
  <class>com.kms.katalon.core.logging.XmlKeywordLogger</class>
  <method>logMessage</method>
  <thread>1</thread>
  <message>capital = New Delhi</message>
  <nestedLevel>1</nestedLevel>
</record>
<record>
  <date>2019-11-08T21:45:19</date>
  <millis>1573242319739</millis>
  <sequence>9</sequence>
  <level>INFO</level>
  <class>com.kms.katalon.core.logging.XmlKeywordLogger</class>
  <method>logMessage</method>
  <thread>1</thread>
  <message>curruncy = Rupees</message>
  <nestedLevel>1</nestedLevel>
</record>
<record>
  <date>2019-11-08T21:45:20</date>
  <millis>1573242320437</millis>
  <sequence>10</sequence>
  <level>START</level>
  <class>com.kms.katalon.core.logging.XmlKeywordLogger</class>
  <method>startKeyword</method>
  <thread>1</thread>
  <message>Start action : println(\&amp;quot;.........country code is : \&amp;quot; + countrycode)</message>
  <nestedLevel>1</nestedLevel>
  <property name="startLine">16</property>
  <property name="stepIndex">1</property>
</record>
<record>
  <date>2019-11-08T21:45:20</date>
  <millis>1573242320440</millis>
  <sequence>11</sequence>
  <level>END</level>
  <class>com.kms.katalon.core.logging.XmlKeywordLogger</class>
  <method>endKeyword</method>
  <thread>1</thread>
  <message>End action : println(\&amp;quot;.........country code is : \&amp;quot; + countrycode)</message>
  <nestedLevel>1</nestedLevel>
</record>
<record>
  <date>2019-11-08T21:45:20</date>
  <millis>1573242320440</millis>
  <sequence>12</sequence>
  <level>START</level>
  <class>com.kms.katalon.core.logging.XmlKeywordLogger</class>
  <method>startKeyword</method>
  <thread>1</thread>
  <message>Start action : println(\&amp;quot;.........capital is : \&amp;quot; + capital)</message>
  <nestedLevel>1</nestedLevel>
  <property name="startLine">18</property>
  <property name="stepIndex">2</property>
</record>
<record>
  <date>2019-11-08T21:45:20</date>
  <millis>1573242320454</millis>
  <sequence>13</sequence>
  <level>END</level>
  <class>com.kms.katalon.core.logging.XmlKeywordLogger</class>
  <method>endKeyword</method>
  <thread>1</thread>
  <message>End action : println(\&amp;quot;.........capital is : \&amp;quot; + capital)</message>
  <nestedLevel>1</nestedLevel>
</record>
<record>
  <date>2019-11-08T21:45:20</date>
  <millis>1573242320454</millis>
  <sequence>14</sequence>
  <level>START</level>
  <class>com.kms.katalon.core.logging.XmlKeywordLogger</class>
  <method>startKeyword</method>
  <thread>1</thread>
  <message>Start action : println(\&amp;quot;.........curruncy is : \&amp;quot; + curruncy)</message>
  <nestedLevel>1</nestedLevel>
  <property name="startLine">20</property>
  <property name="stepIndex">3</property>
</record>
<record>
  <date>2019-11-08T21:45:20</date>
  <millis>1573242320488</millis>
  <sequence>15</sequence>
  <level>END</level>
  <class>com.kms.katalon.core.logging.XmlKeywordLogger</class>
  <method>endKeyword</method>
  <thread>1</thread>
  <message>End action : println(\&amp;quot;.........curruncy is : \&amp;quot; + curruncy)</message>
  <nestedLevel>1</nestedLevel>
</record>
<record>
  <date>2019-11-08T21:45:20</date>
  <millis>1573242320488</millis>
  <sequence>16</sequence>
  <level>START</level>
  <class>com.kms.katalon.core.logging.XmlKeywordLogger</class>
  <method>startKeyword</method>
  <thread>1</thread>
  <message>Start action : Response1 = sendRequest(findTestObject(\&amp;quot;APIChaining.XML/GetCapitalCity\&amp;quot;, [\&amp;quot;countryISOCode\&amp;quot;:countrycode]))</message>
  <nestedLevel>1</nestedLevel>
  <property name="startLine">22</property>
  <property name="stepIndex">4</property>
</record>
<record>
  <date>2019-11-08T21:45:27</date>
  <millis>1573242327186</millis>
  <sequence>20</sequence>
  <level>INFO</level>
  <class>com.kms.katalon.core.logging.XmlKeywordLogger</class>
  <method>logMessage</method>
  <thread>1</thread>
  <message>HAR: D:\\Work\\Katalon Studio\\API Demo\\Reports\\DDTCountriesXML\\20191108_214515\\requests\\main\\null.har</message>
  <nestedLevel>1</nestedLevel>
  <property name="harId">5011a87a-28ab-4db3-929d-a90c8509ac77</property>
</record>
<record>
  <date>2019-11-08T21:45:27</date>
  <millis>1573242327334</millis>
  <sequence>21</sequence>
  <level>PASSED</level>
  <class>com.kms.katalon.core.logging.XmlKeywordLogger</class>
  <method>logMessage</method>
  <thread>1</thread>
  <message>Send request successfully</message>
  <nestedLevel>1</nestedLevel>
</record>
<record>
  <date>2019-11-08T21:45:27</date>
  <millis>1573242327334</millis>
  <sequence>22</sequence>
  <level>END</level>
  <class>com.kms.katalon.core.logging.XmlKeywordLogger</class>
  <method>endKeyword</method>
  <thread>1</thread>
  <message>End action : Response1 = sendRequest(findTestObject(\&amp;quot;APIChaining.XML/GetCapitalCity\&amp;quot;, [\&amp;quot;countryISOCode\&amp;quot;:countrycode]))</message>
  <nestedLevel>1</nestedLevel>
</record>
<record>
  <date>2019-11-08T21:45:27</date>
  <millis>1573242327336</millis>
  <sequence>23</sequence>
  <level>START</level>
  <class>com.kms.katalon.core.logging.XmlKeywordLogger</class>
  <method>startKeyword</method>
  <thread>1</thread>
  <message>Start action : verifyElementText(Response1, \&amp;quot;CapitalCityResponse.CapitalCityResult\&amp;quot;, capital)</message>
  <nestedLevel>1</nestedLevel>
  <property name="startLine">26</property>
  <property name="stepIndex">5</property>
</record>
<record>
  <date>2019-11-08T21:45:27</date>
  <millis>1573242327648</millis>
  <sequence>25</sequence>
  <level>PASSED</level>
  <class>com.kms.katalon.core.logging.XmlKeywordLogger</class>
  <method>logMessage</method>
  <thread>1</thread>
  <message>Verify element text successfully</message>
  <nestedLevel>1</nestedLevel>
</record>
<record>
  <date>2019-11-08T21:45:27</date>
  <millis>1573242327650</millis>
  <sequence>26</sequence>
  <level>END</level>
  <class>com.kms.katalon.core.logging.XmlKeywordLogger</class>
  <method>endKeyword</method>
  <thread>1</thread>
  <message>End action : verifyElementText(Response1, \&amp;quot;CapitalCityResponse.CapitalCityResult\&amp;quot;, capital)</message>
  <nestedLevel>1</nestedLevel>
</record>
<record>
  <date>2019-11-08T21:45:27</date>
  <millis>1573242327651</millis>
  <sequence>27</sequence>
  <level>START</level>
  <class>com.kms.katalon.core.logging.XmlKeywordLogger</class>
  <method>startKeyword</method>
  <thread>1</thread>
  <message>Start action : Response2 = sendRequest(findTestObject(\&amp;quot;APIChaining.XML/GetCurrencySoapRequest\&amp;quot;, [\&amp;quot;countryISOcode\&amp;quot;:countrycode, \&amp;quot;Auth\&amp;quot;:\&amp;quot;Basic cmFuYTpyYW5h\&amp;quot;]))</message>
  <nestedLevel>1</nestedLevel>
  <property name="startLine">29</property>
  <property name="stepIndex">6</property>
</record>
<record>
  <date>2019-11-08T21:45:29</date>
  <millis>1573242329748</millis>
  <sequence>30</sequence>
  <level>INFO</level>
  <class>com.kms.katalon.core.logging.XmlKeywordLogger</class>
  <method>logMessage</method>
  <thread>1</thread>
  <message>HAR: D:\\Work\\Katalon Studio\\API Demo\\Reports\\DDTCountriesXML\\20191108_214515\\requests\\main\\null.har</message>
  <nestedLevel>1</nestedLevel>
  <property name="harId">6c8865f9-f054-4f5c-b254-ea928fe5873b</property>
</record>
<record>
  <date>2019-11-08T21:45:29</date>
  <millis>1573242329751</millis>
  <sequence>31</sequence>
  <level>PASSED</level>
  <class>com.kms.katalon.core.logging.XmlKeywordLogger</class>
  <method>logMessage</method>
  <thread>1</thread>
  <message>Send request successfully</message>
  <nestedLevel>1</nestedLevel>
</record>
<record>
  <date>2019-11-08T21:45:29</date>
  <millis>1573242329751</millis>
  <sequence>32</sequence>
  <level>END</level>
  <class>com.kms.katalon.core.logging.XmlKeywordLogger</class>
  <method>endKeyword</method>
  <thread>1</thread>
  <message>End action : Response2 = sendRequest(findTestObject(\&amp;quot;APIChaining.XML/GetCurrencySoapRequest\&amp;quot;, [\&amp;quot;countryISOcode\&amp;quot;:countrycode, \&amp;quot;Auth\&amp;quot;:\&amp;quot;Basic cmFuYTpyYW5h\&amp;quot;]))</message>
  <nestedLevel>1</nestedLevel>
</record>
<record>
  <date>2019-11-08T21:45:29</date>
  <millis>1573242329751</millis>
  <sequence>33</sequence>
  <level>START</level>
  <class>com.kms.katalon.core.logging.XmlKeywordLogger</class>
  <method>startKeyword</method>
  <thread>1</thread>
  <message>Start action : verifyElementText(Response2, \&amp;quot;CountryCurrencyResponse.CountryCurrencyResult.sName\&amp;quot;, curruncy)</message>
  <nestedLevel>1</nestedLevel>
  <property name="startLine">33</property>
  <property name="stepIndex">7</property>
</record>
<record>
  <date>2019-11-08T21:45:29</date>
  <millis>1573242329806</millis>
  <sequence>35</sequence>
  <level>PASSED</level>
  <class>com.kms.katalon.core.logging.XmlKeywordLogger</class>
  <method>logMessage</method>
  <thread>1</thread>
  <message>Verify element text successfully</message>
  <nestedLevel>1</nestedLevel>
</record>
<record>
  <date>2019-11-08T21:45:29</date>
  <millis>1573242329806</millis>
  <sequence>36</sequence>
  <level>END</level>
  <class>com.kms.katalon.core.logging.XmlKeywordLogger</class>
  <method>endKeyword</method>
  <thread>1</thread>
  <message>End action : verifyElementText(Response2, \&amp;quot;CountryCurrencyResponse.CountryCurrencyResult.sName\&amp;quot;, curruncy)</message>
  <nestedLevel>1</nestedLevel>
</record>
<record>
  <date>2019-11-08T21:45:29</date>
  <millis>1573242329806</millis>
  <sequence>37</sequence>
  <level>PASSED</level>
  <class>com.kms.katalon.core.logging.XmlKeywordLogger</class>
  <method>logMessage</method>
  <thread>1</thread>
  <message>Test Cases/DDTTestCasesMethod/SOAPDataDrivenTesting</message>
  <nestedLevel>1</nestedLevel>
</record>
<record>
  <date>2019-11-08T21:45:29</date>
  <millis>1573242329806</millis>
  <sequence>38</sequence>
  <level>END</level>
  <class>com.kms.katalon.core.logging.XmlKeywordLogger</class>
  <method>endTest</method>
  <thread>1</thread>
  <message>End Test Case : Test Cases/DDTTestCasesMethod/SOAPDataDrivenTesting</message>
  <nestedLevel>0</nestedLevel>
</record>
<record>
  <date>2019-11-08T21:45:29</date>
  <millis>1573242329806</millis>
  <sequence>39</sequence>
  <level>START</level>
  <class>com.kms.katalon.core.logging.XmlKeywordLogger</class>
  <method>startTest</method>
  <thread>1</thread>
  <message>Start Test Case : Test Cases/DDTTestCasesMethod/SOAPDataDrivenTesting</message>
  <nestedLevel>1</nestedLevel>
  <property name="name">Test Cases/DDTTestCasesMethod/SOAPDataDrivenTesting</property>
  <property name="description"></property>
  <property name="id">Test Cases/DDTTestCasesMethod/SOAPDataDrivenTesting</property>
  <property name="source">D:\\Work\\Katalon Studio\\API Demo\\Test Cases\\DDTTestCasesMethod\\SOAPDataDrivenTesting.tc</property>
  <property name="tag"></property>
  <property name="isOptional">false</property>
</record>
<record>
  <date>2019-11-08T21:45:29</date>
  <millis>1573242329837</millis>
  <sequence>41</sequence>
  <level>INFO</level>
  <class>com.kms.katalon.core.logging.XmlKeywordLogger</class>
  <method>logMessage</method>
  <thread>1</thread>
  <message>countrycode = US</message>
  <nestedLevel>1</nestedLevel>
</record>
<record>
  <date>2019-11-08T21:45:29</date>
  <millis>1573242329837</millis>
  <sequence>42</sequence>
  <level>INFO</level>
  <class>com.kms.katalon.core.logging.XmlKeywordLogger</class>
  <method>logMessage</method>
  <thread>1</thread>
  <message>capital = Washington</message>
  <nestedLevel>1</nestedLevel>
</record>
<record>
  <date>2019-11-08T21:45:29</date>
  <millis>1573242329837</millis>
  <sequence>43</sequence>
  <level>INFO</level>
  <class>com.kms.katalon.core.logging.XmlKeywordLogger</class>
  <method>logMessage</method>
  <thread>1</thread>
  <message>curruncy = Dollars</message>
  <nestedLevel>1</nestedLevel>
</record>
<record>
  <date>2019-11-08T21:45:29</date>
  <millis>1573242329852</millis>
  <sequence>44</sequence>
  <level>START</level>
  <class>com.kms.katalon.core.logging.XmlKeywordLogger</class>
  <method>startKeyword</method>
  <thread>1</thread>
  <message>Start action : println(\&amp;quot;.........country code is : \&amp;quot; + countrycode)</message>
  <nestedLevel>1</nestedLevel>
  <property name="startLine">16</property>
  <property name="stepIndex">1</property>
</record>
<record>
  <date>2019-11-08T21:45:29</date>
  <millis>1573242329854</millis>
  <sequence>45</sequence>
  <level>END</level>
  <class>com.kms.katalon.core.logging.XmlKeywordLogger</class>
  <method>endKeyword</method>
  <thread>1</thread>
  <message>End action : println(\&amp;quot;.........country code is : \&amp;quot; + countrycode)</message>
  <nestedLevel>1</nestedLevel>
</record>
<record>
  <date>2019-11-08T21:45:29</date>
  <millis>1573242329854</millis>
  <sequence>46</sequence>
  <level>START</level>
  <class>com.kms.katalon.core.logging.XmlKeywordLogger</class>
  <method>startKeyword</method>
  <thread>1</thread>
  <message>Start action : println(\&amp;quot;.........capital is : \&amp;quot; + capital)</message>
  <nestedLevel>1</nestedLevel>
  <property name="startLine">18</property>
  <property name="stepIndex">2</property>
</record>
<record>
  <date>2019-11-08T21:45:29</date>
  <millis>1573242329854</millis>
  <sequence>47</sequence>
  <level>END</level>
  <class>com.kms.katalon.core.logging.XmlKeywordLogger</class>
  <method>endKeyword</method>
  <thread>1</thread>
  <message>End action : println(\&amp;quot;.........capital is : \&amp;quot; + capital)</message>
  <nestedLevel>1</nestedLevel>
</record>
<record>
  <date>2019-11-08T21:45:29</date>
  <millis>1573242329854</millis>
  <sequence>48</sequence>
  <level>START</level>
  <class>com.kms.katalon.core.logging.XmlKeywordLogger</class>
  <method>startKeyword</method>
  <thread>1</thread>
  <message>Start action : println(\&amp;quot;.........curruncy is : \&amp;quot; + curruncy)</message>
  <nestedLevel>1</nestedLevel>
  <property name="startLine">20</property>
  <property name="stepIndex">3</property>
</record>
<record>
  <date>2019-11-08T21:45:29</date>
  <millis>1573242329854</millis>
  <sequence>49</sequence>
  <level>END</level>
  <class>com.kms.katalon.core.logging.XmlKeywordLogger</class>
  <method>endKeyword</method>
  <thread>1</thread>
  <message>End action : println(\&amp;quot;.........curruncy is : \&amp;quot; + curruncy)</message>
  <nestedLevel>1</nestedLevel>
</record>
<record>
  <date>2019-11-08T21:45:29</date>
  <millis>1573242329854</millis>
  <sequence>50</sequence>
  <level>START</level>
  <class>com.kms.katalon.core.logging.XmlKeywordLogger</class>
  <method>startKeyword</method>
  <thread>1</thread>
  <message>Start action : Response1 = sendRequest(findTestObject(\&amp;quot;APIChaining.XML/GetCapitalCity\&amp;quot;, [\&amp;quot;countryISOCode\&amp;quot;:countrycode]))</message>
  <nestedLevel>1</nestedLevel>
  <property name="startLine">22</property>
  <property name="stepIndex">4</property>
</record>
<record>
  <date>2019-11-08T21:45:31</date>
  <millis>1573242331647</millis>
  <sequence>54</sequence>
  <level>INFO</level>
  <class>com.kms.katalon.core.logging.XmlKeywordLogger</class>
  <method>logMessage</method>
  <thread>1</thread>
  <message>HAR: D:\\Work\\Katalon Studio\\API Demo\\Reports\\DDTCountriesXML\\20191108_214515\\requests\\main\\null.har</message>
  <nestedLevel>1</nestedLevel>
  <property name="harId">78360a57-460a-4229-8ea6-56af90b9ead3</property>
</record>
<record>
  <date>2019-11-08T21:45:31</date>
  <millis>1573242331650</millis>
  <sequence>55</sequence>
  <level>PASSED</level>
  <class>com.kms.katalon.core.logging.XmlKeywordLogger</class>
  <method>logMessage</method>
  <thread>1</thread>
  <message>Send request successfully</message>
  <nestedLevel>1</nestedLevel>
</record>
<record>
  <date>2019-11-08T21:45:31</date>
  <millis>1573242331650</millis>
  <sequence>56</sequence>
  <level>END</level>
  <class>com.kms.katalon.core.logging.XmlKeywordLogger</class>
  <method>endKeyword</method>
  <thread>1</thread>
  <message>End action : Response1 = sendRequest(findTestObject(\&amp;quot;APIChaining.XML/GetCapitalCity\&amp;quot;, [\&amp;quot;countryISOCode\&amp;quot;:countrycode]))</message>
  <nestedLevel>1</nestedLevel>
</record>
<record>
  <date>2019-11-08T21:45:31</date>
  <millis>1573242331650</millis>
  <sequence>57</sequence>
  <level>START</level>
  <class>com.kms.katalon.core.logging.XmlKeywordLogger</class>
  <method>startKeyword</method>
  <thread>1</thread>
  <message>Start action : verifyElementText(Response1, \&amp;quot;CapitalCityResponse.CapitalCityResult\&amp;quot;, capital)</message>
  <nestedLevel>1</nestedLevel>
  <property name="startLine">26</property>
  <property name="stepIndex">5</property>
</record>
<record>
  <date>2019-11-08T21:45:31</date>
  <millis>1573242331702</millis>
  <sequence>59</sequence>
  <level>PASSED</level>
  <class>com.kms.katalon.core.logging.XmlKeywordLogger</class>
  <method>logMessage</method>
  <thread>1</thread>
  <message>Verify element text successfully</message>
  <nestedLevel>1</nestedLevel>
</record>
<record>
  <date>2019-11-08T21:45:31</date>
  <millis>1573242331703</millis>
  <sequence>60</sequence>
  <level>END</level>
  <class>com.kms.katalon.core.logging.XmlKeywordLogger</class>
  <method>endKeyword</method>
  <thread>1</thread>
  <message>End action : verifyElementText(Response1, \&amp;quot;CapitalCityResponse.CapitalCityResult\&amp;quot;, capital)</message>
  <nestedLevel>1</nestedLevel>
</record>
<record>
  <date>2019-11-08T21:45:31</date>
  <millis>1573242331703</millis>
  <sequence>61</sequence>
  <level>START</level>
  <class>com.kms.katalon.core.logging.XmlKeywordLogger</class>
  <method>startKeyword</method>
  <thread>1</thread>
  <message>Start action : Response2 = sendRequest(findTestObject(\&amp;quot;APIChaining.XML/GetCurrencySoapRequest\&amp;quot;, [\&amp;quot;countryISOcode\&amp;quot;:countrycode, \&amp;quot;Auth\&amp;quot;:\&amp;quot;Basic cmFuYTpyYW5h\&amp;quot;]))</message>
  <nestedLevel>1</nestedLevel>
  <property name="startLine">29</property>
  <property name="stepIndex">6</property>
</record>
<record>
  <date>2019-11-08T21:45:33</date>
  <millis>1573242333775</millis>
  <sequence>64</sequence>
  <level>INFO</level>
  <class>com.kms.katalon.core.logging.XmlKeywordLogger</class>
  <method>logMessage</method>
  <thread>1</thread>
  <message>HAR: D:\\Work\\Katalon Studio\\API Demo\\Reports\\DDTCountriesXML\\20191108_214515\\requests\\main\\null.har</message>
  <nestedLevel>1</nestedLevel>
  <property name="harId">edfa6f58-7dbe-41c3-8ccf-178fd9b4971d</property>
</record>
<record>
  <date>2019-11-08T21:45:33</date>
  <millis>1573242333776</millis>
  <sequence>65</sequence>
  <level>PASSED</level>
  <class>com.kms.katalon.core.logging.XmlKeywordLogger</class>
  <method>logMessage</method>
  <thread>1</thread>
  <message>Send request successfully</message>
  <nestedLevel>1</nestedLevel>
</record>
<record>
  <date>2019-11-08T21:45:33</date>
  <millis>1573242333776</millis>
  <sequence>66</sequence>
  <level>END</level>
  <class>com.kms.katalon.core.logging.XmlKeywordLogger</class>
  <method>endKeyword</method>
  <thread>1</thread>
  <message>End action : Response2 = sendRequest(findTestObject(\&amp;quot;APIChaining.XML/GetCurrencySoapRequest\&amp;quot;, [\&amp;quot;countryISOcode\&amp;quot;:countrycode, \&amp;quot;Auth\&amp;quot;:\&amp;quot;Basic cmFuYTpyYW5h\&amp;quot;]))</message>
  <nestedLevel>1</nestedLevel>
</record>
<record>
  <date>2019-11-08T21:45:33</date>
  <millis>1573242333776</millis>
  <sequence>67</sequence>
  <level>START</level>
  <class>com.kms.katalon.core.logging.XmlKeywordLogger</class>
  <method>startKeyword</method>
  <thread>1</thread>
  <message>Start action : verifyElementText(Response2, \&amp;quot;CountryCurrencyResponse.CountryCurrencyResult.sName\&amp;quot;, curruncy)</message>
  <nestedLevel>1</nestedLevel>
  <property name="startLine">33</property>
  <property name="stepIndex">7</property>
</record>
<record>
  <date>2019-11-08T21:45:33</date>
  <millis>1573242333823</millis>
  <sequence>69</sequence>
  <level>PASSED</level>
  <class>com.kms.katalon.core.logging.XmlKeywordLogger</class>
  <method>logMessage</method>
  <thread>1</thread>
  <message>Verify element text successfully</message>
  <nestedLevel>1</nestedLevel>
</record>
<record>
  <date>2019-11-08T21:45:33</date>
  <millis>1573242333823</millis>
  <sequence>70</sequence>
  <level>END</level>
  <class>com.kms.katalon.core.logging.XmlKeywordLogger</class>
  <method>endKeyword</method>
  <thread>1</thread>
  <message>End action : verifyElementText(Response2, \&amp;quot;CountryCurrencyResponse.CountryCurrencyResult.sName\&amp;quot;, curruncy)</message>
  <nestedLevel>1</nestedLevel>
</record>
<record>
  <date>2019-11-08T21:45:33</date>
  <millis>1573242333823</millis>
  <sequence>71</sequence>
  <level>PASSED</level>
  <class>com.kms.katalon.core.logging.XmlKeywordLogger</class>
  <method>logMessage</method>
  <thread>1</thread>
  <message>Test Cases/DDTTestCasesMethod/SOAPDataDrivenTesting</message>
  <nestedLevel>1</nestedLevel>
</record>
<record>
  <date>2019-11-08T21:45:33</date>
  <millis>1573242333823</millis>
  <sequence>72</sequence>
  <level>END</level>
  <class>com.kms.katalon.core.logging.XmlKeywordLogger</class>
  <method>endTest</method>
  <thread>1</thread>
  <message>End Test Case : Test Cases/DDTTestCasesMethod/SOAPDataDrivenTesting</message>
  <nestedLevel>0</nestedLevel>
</record>
<record>
  <date>2019-11-08T21:45:33</date>
  <millis>1573242333838</millis>
  <sequence>73</sequence>
  <level>START</level>
  <class>com.kms.katalon.core.logging.XmlKeywordLogger</class>
  <method>startTest</method>
  <thread>1</thread>
  <message>Start Test Case : Test Cases/DDTTestCasesMethod/SOAPDataDrivenTesting</message>
  <nestedLevel>1</nestedLevel>
  <property name="name">Test Cases/DDTTestCasesMethod/SOAPDataDrivenTesting</property>
  <property name="description"></property>
  <property name="id">Test Cases/DDTTestCasesMethod/SOAPDataDrivenTesting</property>
  <property name="source">D:\\Work\\Katalon Studio\\API Demo\\Test Cases\\DDTTestCasesMethod\\SOAPDataDrivenTesting.tc</property>
  <property name="tag"></property>
  <property name="isOptional">false</property>
</record>
<record>
  <date>2019-11-08T21:45:33</date>
  <millis>1573242333854</millis>
  <sequence>75</sequence>
  <level>INFO</level>
  <class>com.kms.katalon.core.logging.XmlKeywordLogger</class>
  <method>logMessage</method>
  <thread>1</thread>
  <message>countrycode = VN</message>
  <nestedLevel>1</nestedLevel>
</record>
<record>
  <date>2019-11-08T21:45:33</date>
  <millis>1573242333854</millis>
  <sequence>76</sequence>
  <level>INFO</level>
  <class>com.kms.katalon.core.logging.XmlKeywordLogger</class>
  <method>logMessage</method>
  <thread>1</thread>
  <message>capital = Hanoi</message>
  <nestedLevel>1</nestedLevel>
</record>
<record>
  <date>2019-11-08T21:45:33</date>
  <millis>1573242333870</millis>
  <sequence>77</sequence>
  <level>INFO</level>
  <class>com.kms.katalon.core.logging.XmlKeywordLogger</class>
  <method>logMessage</method>
  <thread>1</thread>
  <message>curruncy = Dong</message>
  <nestedLevel>1</nestedLevel>
</record>
<record>
  <date>2019-11-08T21:45:33</date>
  <millis>1573242333870</millis>
  <sequence>78</sequence>
  <level>START</level>
  <class>com.kms.katalon.core.logging.XmlKeywordLogger</class>
  <method>startKeyword</method>
  <thread>1</thread>
  <message>Start action : println(\&amp;quot;.........country code is : \&amp;quot; + countrycode)</message>
  <nestedLevel>1</nestedLevel>
  <property name="startLine">16</property>
  <property name="stepIndex">1</property>
</record>
<record>
  <date>2019-11-08T21:45:33</date>
  <millis>1573242333870</millis>
  <sequence>79</sequence>
  <level>END</level>
  <class>com.kms.katalon.core.logging.XmlKeywordLogger</class>
  <method>endKeyword</method>
  <thread>1</thread>
  <message>End action : println(\&amp;quot;.........country code is : \&amp;quot; + countrycode)</message>
  <nestedLevel>1</nestedLevel>
</record>
<record>
  <date>2019-11-08T21:45:33</date>
  <millis>1573242333870</millis>
  <sequence>80</sequence>
  <level>START</level>
  <class>com.kms.katalon.core.logging.XmlKeywordLogger</class>
  <method>startKeyword</method>
  <thread>1</thread>
  <message>Start action : println(\&amp;quot;.........capital is : \&amp;quot; + capital)</message>
  <nestedLevel>1</nestedLevel>
  <property name="startLine">18</property>
  <property name="stepIndex">2</property>
</record>
<record>
  <date>2019-11-08T21:45:33</date>
  <millis>1573242333881</millis>
  <sequence>81</sequence>
  <level>END</level>
  <class>com.kms.katalon.core.logging.XmlKeywordLogger</class>
  <method>endKeyword</method>
  <thread>1</thread>
  <message>End action : println(\&amp;quot;.........capital is : \&amp;quot; + capital)</message>
  <nestedLevel>1</nestedLevel>
</record>
<record>
  <date>2019-11-08T21:45:33</date>
  <millis>1573242333881</millis>
  <sequence>82</sequence>
  <level>START</level>
  <class>com.kms.katalon.core.logging.XmlKeywordLogger</class>
  <method>startKeyword</method>
  <thread>1</thread>
  <message>Start action : println(\&amp;quot;.........curruncy is : \&amp;quot; + curruncy)</message>
  <nestedLevel>1</nestedLevel>
  <property name="startLine">20</property>
  <property name="stepIndex">3</property>
</record>
<record>
  <date>2019-11-08T21:45:33</date>
  <millis>1573242333881</millis>
  <sequence>83</sequence>
  <level>END</level>
  <class>com.kms.katalon.core.logging.XmlKeywordLogger</class>
  <method>endKeyword</method>
  <thread>1</thread>
  <message>End action : println(\&amp;quot;.........curruncy is : \&amp;quot; + curruncy)</message>
  <nestedLevel>1</nestedLevel>
</record>
<record>
  <date>2019-11-08T21:45:33</date>
  <millis>1573242333881</millis>
  <sequence>84</sequence>
  <level>START</level>
  <class>com.kms.katalon.core.logging.XmlKeywordLogger</class>
  <method>startKeyword</method>
  <thread>1</thread>
  <message>Start action : Response1 = sendRequest(findTestObject(\&amp;quot;APIChaining.XML/GetCapitalCity\&amp;quot;, [\&amp;quot;countryISOCode\&amp;quot;:countrycode]))</message>
  <nestedLevel>1</nestedLevel>
  <property name="startLine">22</property>
  <property name="stepIndex">4</property>
</record>
<record>
  <date>2019-11-08T21:45:35</date>
  <millis>1573242335567</millis>
  <sequence>88</sequence>
  <level>INFO</level>
  <class>com.kms.katalon.core.logging.XmlKeywordLogger</class>
  <method>logMessage</method>
  <thread>1</thread>
  <message>HAR: D:\\Work\\Katalon Studio\\API Demo\\Reports\\DDTCountriesXML\\20191108_214515\\requests\\main\\null.har</message>
  <nestedLevel>1</nestedLevel>
  <property name="harId">85d40954-e462-4d7a-a053-86bf7a360828</property>
</record>
<record>
  <date>2019-11-08T21:45:35</date>
  <millis>1573242335569</millis>
  <sequence>89</sequence>
  <level>PASSED</level>
  <class>com.kms.katalon.core.logging.XmlKeywordLogger</class>
  <method>logMessage</method>
  <thread>1</thread>
  <message>Send request successfully</message>
  <nestedLevel>1</nestedLevel>
</record>
<record>
  <date>2019-11-08T21:45:35</date>
  <millis>1573242335570</millis>
  <sequence>90</sequence>
  <level>END</level>
  <class>com.kms.katalon.core.logging.XmlKeywordLogger</class>
  <method>endKeyword</method>
  <thread>1</thread>
  <message>End action : Response1 = sendRequest(findTestObject(\&amp;quot;APIChaining.XML/GetCapitalCity\&amp;quot;, [\&amp;quot;countryISOCode\&amp;quot;:countrycode]))</message>
  <nestedLevel>1</nestedLevel>
</record>
<record>
  <date>2019-11-08T21:45:35</date>
  <millis>1573242335574</millis>
  <sequence>91</sequence>
  <level>START</level>
  <class>com.kms.katalon.core.logging.XmlKeywordLogger</class>
  <method>startKeyword</method>
  <thread>1</thread>
  <message>Start action : verifyElementText(Response1, \&amp;quot;CapitalCityResponse.CapitalCityResult\&amp;quot;, capital)</message>
  <nestedLevel>1</nestedLevel>
  <property name="startLine">26</property>
  <property name="stepIndex">5</property>
</record>
<record>
  <date>2019-11-08T21:45:35</date>
  <millis>1573242335593</millis>
  <sequence>93</sequence>
  <level>PASSED</level>
  <class>com.kms.katalon.core.logging.XmlKeywordLogger</class>
  <method>logMessage</method>
  <thread>1</thread>
  <message>Verify element text successfully</message>
  <nestedLevel>1</nestedLevel>
</record>
<record>
  <date>2019-11-08T21:45:35</date>
  <millis>1573242335593</millis>
  <sequence>94</sequence>
  <level>END</level>
  <class>com.kms.katalon.core.logging.XmlKeywordLogger</class>
  <method>endKeyword</method>
  <thread>1</thread>
  <message>End action : verifyElementText(Response1, \&amp;quot;CapitalCityResponse.CapitalCityResult\&amp;quot;, capital)</message>
  <nestedLevel>1</nestedLevel>
</record>
<record>
  <date>2019-11-08T21:45:35</date>
  <millis>1573242335593</millis>
  <sequence>95</sequence>
  <level>START</level>
  <class>com.kms.katalon.core.logging.XmlKeywordLogger</class>
  <method>startKeyword</method>
  <thread>1</thread>
  <message>Start action : Response2 = sendRequest(findTestObject(\&amp;quot;APIChaining.XML/GetCurrencySoapRequest\&amp;quot;, [\&amp;quot;countryISOcode\&amp;quot;:countrycode, \&amp;quot;Auth\&amp;quot;:\&amp;quot;Basic cmFuYTpyYW5h\&amp;quot;]))</message>
  <nestedLevel>1</nestedLevel>
  <property name="startLine">29</property>
  <property name="stepIndex">6</property>
</record>
<record>
  <date>2019-11-08T21:45:36</date>
  <millis>1573242336968</millis>
  <sequence>98</sequence>
  <level>INFO</level>
  <class>com.kms.katalon.core.logging.XmlKeywordLogger</class>
  <method>logMessage</method>
  <thread>1</thread>
  <message>HAR: D:\\Work\\Katalon Studio\\API Demo\\Reports\\DDTCountriesXML\\20191108_214515\\requests\\main\\null.har</message>
  <nestedLevel>1</nestedLevel>
  <property name="harId">ec1aa40c-974a-4392-b2f6-8004326f819a</property>
</record>
<record>
  <date>2019-11-08T21:45:36</date>
  <millis>1573242336970</millis>
  <sequence>99</sequence>
  <level>PASSED</level>
  <class>com.kms.katalon.core.logging.XmlKeywordLogger</class>
  <method>logMessage</method>
  <thread>1</thread>
  <message>Send request successfully</message>
  <nestedLevel>1</nestedLevel>
</record>
<record>
  <date>2019-11-08T21:45:36</date>
  <millis>1573242336970</millis>
  <sequence>100</sequence>
  <level>END</level>
  <class>com.kms.katalon.core.logging.XmlKeywordLogger</class>
  <method>endKeyword</method>
  <thread>1</thread>
  <message>End action : Response2 = sendRequest(findTestObject(\&amp;quot;APIChaining.XML/GetCurrencySoapRequest\&amp;quot;, [\&amp;quot;countryISOcode\&amp;quot;:countrycode, \&amp;quot;Auth\&amp;quot;:\&amp;quot;Basic cmFuYTpyYW5h\&amp;quot;]))</message>
  <nestedLevel>1</nestedLevel>
</record>
<record>
  <date>2019-11-08T21:45:36</date>
  <millis>1573242336970</millis>
  <sequence>101</sequence>
  <level>START</level>
  <class>com.kms.katalon.core.logging.XmlKeywordLogger</class>
  <method>startKeyword</method>
  <thread>1</thread>
  <message>Start action : verifyElementText(Response2, \&amp;quot;CountryCurrencyResponse.CountryCurrencyResult.sName\&amp;quot;, curruncy)</message>
  <nestedLevel>1</nestedLevel>
  <property name="startLine">33</property>
  <property name="stepIndex">7</property>
</record>
<record>
  <date>2019-11-08T21:45:37</date>
  <millis>1573242337011</millis>
  <sequence>103</sequence>
  <level>PASSED</level>
  <class>com.kms.katalon.core.logging.XmlKeywordLogger</class>
  <method>logMessage</method>
  <thread>1</thread>
  <message>Verify element text successfully</message>
  <nestedLevel>1</nestedLevel>
</record>
<record>
  <date>2019-11-08T21:45:37</date>
  <millis>1573242337011</millis>
  <sequence>104</sequence>
  <level>END</level>
  <class>com.kms.katalon.core.logging.XmlKeywordLogger</class>
  <method>endKeyword</method>
  <thread>1</thread>
  <message>End action : verifyElementText(Response2, \&amp;quot;CountryCurrencyResponse.CountryCurrencyResult.sName\&amp;quot;, curruncy)</message>
  <nestedLevel>1</nestedLevel>
</record>
<record>
  <date>2019-11-08T21:45:37</date>
  <millis>1573242337011</millis>
  <sequence>105</sequence>
  <level>PASSED</level>
  <class>com.kms.katalon.core.logging.XmlKeywordLogger</class>
  <method>logMessage</method>
  <thread>1</thread>
  <message>Test Cases/DDTTestCasesMethod/SOAPDataDrivenTesting</message>
  <nestedLevel>1</nestedLevel>
</record>
<record>
  <date>2019-11-08T21:45:37</date>
  <millis>1573242337011</millis>
  <sequence>106</sequence>
  <level>END</level>
  <class>com.kms.katalon.core.logging.XmlKeywordLogger</class>
  <method>endTest</method>
  <thread>1</thread>
  <message>End Test Case : Test Cases/DDTTestCasesMethod/SOAPDataDrivenTesting</message>
  <nestedLevel>0</nestedLevel>
</record>
<record>
  <date>2019-11-08T21:45:37</date>
  <millis>1573242337088</millis>
  <sequence>107</sequence>
  <level>END</level>
  <class>com.kms.katalon.core.logging.XmlKeywordLogger</class>
  <method>endSuite</method>
  <thread>1</thread>
  <message>End Test Suite : Test Suites/DDTCountriesXML</message>
  <nestedLevel>0</nestedLevel>
</record>
</log>