<?xml version="1.0" encoding="UTF-8" standalone="no"?>
<!DOCTYPE log SYSTEM "logger.dtd">
<log>
<record>
  <date>2019-11-08T21:25:56</date>
  <millis>1573241156012</millis>
  <sequence>0</sequence>
  <level>START</level>
  <class>com.kms.katalon.core.logging.XmlKeywordLogger</class>
  <method>startSuite</method>
  <thread>1</thread>
  <message>Start Test Suite : Test Suites/DDTCountriesXML</message>
  <nestedLevel>0</nestedLevel>
  <property name="name">DDTCountriesXML</property>
  <property name="description"></property>
  <property name="id">Test Suites/DDTCountriesXML</property>
</record>
<record>
  <date>2019-11-08T21:25:56</date>
  <millis>1573241156038</millis>
  <sequence>1</sequence>
  <level>RUN_DATA</level>
  <class>com.kms.katalon.core.logging.XmlKeywordLogger</class>
  <method>logMessage</method>
  <thread>1</thread>
  <message>hostName = Zangabela - Rana-PC</message>
  <nestedLevel>0</nestedLevel>
  <property name="hostName">Zangabela - Rana-PC</property>
</record>
<record>
  <date>2019-11-08T21:25:56</date>
  <millis>1573241156040</millis>
  <sequence>2</sequence>
  <level>RUN_DATA</level>
  <class>com.kms.katalon.core.logging.XmlKeywordLogger</class>
  <method>logMessage</method>
  <thread>1</thread>
  <message>os = Windows 10 64bit</message>
  <nestedLevel>0</nestedLevel>
  <property name="os">Windows 10 64bit</property>
</record>
<record>
  <date>2019-11-08T21:25:56</date>
  <millis>1573241156043</millis>
  <sequence>3</sequence>
  <level>RUN_DATA</level>
  <class>com.kms.katalon.core.logging.XmlKeywordLogger</class>
  <method>logMessage</method>
  <thread>1</thread>
  <message>hostAddress = 192.168.1.4</message>
  <nestedLevel>0</nestedLevel>
  <property name="hostAddress">192.168.1.4</property>
</record>
<record>
  <date>2019-11-08T21:25:56</date>
  <millis>1573241156046</millis>
  <sequence>4</sequence>
  <level>RUN_DATA</level>
  <class>com.kms.katalon.core.logging.XmlKeywordLogger</class>
  <method>logMessage</method>
  <thread>1</thread>
  <message>katalonVersion = 6.1.4.1</message>
  <nestedLevel>0</nestedLevel>
  <property name="katalonVersion">6.1.4.1</property>
</record>
<record>
  <date>2019-11-08T21:25:56</date>
  <millis>1573241156473</millis>
  <sequence>5</sequence>
  <level>START</level>
  <class>com.kms.katalon.core.logging.XmlKeywordLogger</class>
  <method>startTest</method>
  <thread>1</thread>
  <message>Start Test Case : Test Cases/soap</message>
  <nestedLevel>1</nestedLevel>
  <property name="name">Test Cases/soap</property>
  <property name="description"></property>
  <property name="id">Test Cases/soap</property>
  <property name="source">D:\\Work\\Katalon Studio\\API Demo\\Test Cases\\soap.tc</property>
  <property name="tag"></property>
  <property name="isOptional">false</property>
</record>
<record>
  <date>2019-11-08T21:25:56</date>
  <millis>1573241156712</millis>
  <sequence>7</sequence>
  <level>INFO</level>
  <class>com.kms.katalon.core.logging.XmlKeywordLogger</class>
  <method>logMessage</method>
  <thread>1</thread>
  <message>(Default) countrycode = IN</message>
  <nestedLevel>1</nestedLevel>
</record>
<record>
  <date>2019-11-08T21:25:56</date>
  <millis>1573241156739</millis>
  <sequence>8</sequence>
  <level>INFO</level>
  <class>com.kms.katalon.core.logging.XmlKeywordLogger</class>
  <method>logMessage</method>
  <thread>1</thread>
  <message>(Default) capital = New Delhi</message>
  <nestedLevel>1</nestedLevel>
</record>
<record>
  <date>2019-11-08T21:25:56</date>
  <millis>1573241156755</millis>
  <sequence>9</sequence>
  <level>INFO</level>
  <class>com.kms.katalon.core.logging.XmlKeywordLogger</class>
  <method>logMessage</method>
  <thread>1</thread>
  <message>(Default) currency1 = Rupees</message>
  <nestedLevel>1</nestedLevel>
</record>
<record>
  <date>2019-11-08T21:25:57</date>
  <millis>1573241157303</millis>
  <sequence>10</sequence>
  <level>START</level>
  <class>com.kms.katalon.core.logging.XmlKeywordLogger</class>
  <method>startKeyword</method>
  <thread>1</thread>
  <message>Start action : response1 = sendRequest(findTestObject(\&amp;quot;APIChaining.XML/GetCapitalCity\&amp;quot;))</message>
  <nestedLevel>1</nestedLevel>
  <property name="startLine">16</property>
  <property name="stepIndex">1</property>
</record>
<record>
  <date>2019-11-08T21:26:17</date>
  <millis>1573241177568</millis>
  <sequence>14</sequence>
  <level>INFO</level>
  <class>com.kms.katalon.core.logging.XmlKeywordLogger</class>
  <method>logMessage</method>
  <thread>1</thread>
  <message>HAR: D:\\Work\\Katalon Studio\\API Demo\\Reports\\DDTCountriesXML\\20191108_212551\\requests\\main\\null.har</message>
  <nestedLevel>1</nestedLevel>
  <property name="harId">d27da3b7-bc8a-483c-ac27-8ec17384e857</property>
</record>
<record>
  <date>2019-11-08T21:26:17</date>
  <millis>1573241177734</millis>
  <sequence>15</sequence>
  <level>PASSED</level>
  <class>com.kms.katalon.core.logging.XmlKeywordLogger</class>
  <method>logMessage</method>
  <thread>1</thread>
  <message>Send request successfully</message>
  <nestedLevel>1</nestedLevel>
</record>
<record>
  <date>2019-11-08T21:26:17</date>
  <millis>1573241177735</millis>
  <sequence>16</sequence>
  <level>END</level>
  <class>com.kms.katalon.core.logging.XmlKeywordLogger</class>
  <method>endKeyword</method>
  <thread>1</thread>
  <message>End action : response1 = sendRequest(findTestObject(\&amp;quot;APIChaining.XML/GetCapitalCity\&amp;quot;))</message>
  <nestedLevel>1</nestedLevel>
</record>
<record>
  <date>2019-11-08T21:26:17</date>
  <millis>1573241177736</millis>
  <sequence>17</sequence>
  <level>START</level>
  <class>com.kms.katalon.core.logging.XmlKeywordLogger</class>
  <method>startKeyword</method>
  <thread>1</thread>
  <message>Start action : verifyElementText(response1, \&amp;quot;CapitalCityResponse.CapitalCityResult\&amp;quot;, capital)</message>
  <nestedLevel>1</nestedLevel>
  <property name="startLine">18</property>
  <property name="stepIndex">2</property>
</record>
<record>
  <date>2019-11-08T21:26:18</date>
  <millis>1573241178035</millis>
  <sequence>19</sequence>
  <level>PASSED</level>
  <class>com.kms.katalon.core.logging.XmlKeywordLogger</class>
  <method>logMessage</method>
  <thread>1</thread>
  <message>Verify element text successfully</message>
  <nestedLevel>1</nestedLevel>
</record>
<record>
  <date>2019-11-08T21:26:18</date>
  <millis>1573241178037</millis>
  <sequence>20</sequence>
  <level>END</level>
  <class>com.kms.katalon.core.logging.XmlKeywordLogger</class>
  <method>endKeyword</method>
  <thread>1</thread>
  <message>End action : verifyElementText(response1, \&amp;quot;CapitalCityResponse.CapitalCityResult\&amp;quot;, capital)</message>
  <nestedLevel>1</nestedLevel>
</record>
<record>
  <date>2019-11-08T21:26:18</date>
  <millis>1573241178039</millis>
  <sequence>21</sequence>
  <level>START</level>
  <class>com.kms.katalon.core.logging.XmlKeywordLogger</class>
  <method>startKeyword</method>
  <thread>1</thread>
  <message>Start action : response2 = sendRequest(findTestObject(\&amp;quot;APIChaining.XML/GetCurrencySoapRequest\&amp;quot;))</message>
  <nestedLevel>1</nestedLevel>
  <property name="startLine">20</property>
  <property name="stepIndex">3</property>
</record>
<record>
  <date>2019-11-08T21:26:22</date>
  <millis>1573241182268</millis>
  <sequence>24</sequence>
  <level>INFO</level>
  <class>com.kms.katalon.core.logging.XmlKeywordLogger</class>
  <method>logMessage</method>
  <thread>1</thread>
  <message>HAR: D:\\Work\\Katalon Studio\\API Demo\\Reports\\DDTCountriesXML\\20191108_212551\\requests\\main\\null.har</message>
  <nestedLevel>1</nestedLevel>
  <property name="harId">f5065bc6-eaf2-41f8-bcf5-76fd3ba90e3d</property>
</record>
<record>
  <date>2019-11-08T21:26:22</date>
  <millis>1573241182272</millis>
  <sequence>25</sequence>
  <level>PASSED</level>
  <class>com.kms.katalon.core.logging.XmlKeywordLogger</class>
  <method>logMessage</method>
  <thread>1</thread>
  <message>Send request successfully</message>
  <nestedLevel>1</nestedLevel>
</record>
<record>
  <date>2019-11-08T21:26:22</date>
  <millis>1573241182272</millis>
  <sequence>26</sequence>
  <level>END</level>
  <class>com.kms.katalon.core.logging.XmlKeywordLogger</class>
  <method>endKeyword</method>
  <thread>1</thread>
  <message>End action : response2 = sendRequest(findTestObject(\&amp;quot;APIChaining.XML/GetCurrencySoapRequest\&amp;quot;))</message>
  <nestedLevel>1</nestedLevel>
</record>
<record>
  <date>2019-11-08T21:26:22</date>
  <millis>1573241182273</millis>
  <sequence>27</sequence>
  <level>START</level>
  <class>com.kms.katalon.core.logging.XmlKeywordLogger</class>
  <method>startKeyword</method>
  <thread>1</thread>
  <message>Start action : verifyElementText(response2, \&amp;quot;CountryCurrencyResponse.CountryCurrencyResult.sName\&amp;quot;, currency1)</message>
  <nestedLevel>1</nestedLevel>
  <property name="startLine">22</property>
  <property name="stepIndex">4</property>
</record>
<record>
  <date>2019-11-08T21:26:22</date>
  <millis>1573241182312</millis>
  <sequence>29</sequence>
  <level>PASSED</level>
  <class>com.kms.katalon.core.logging.XmlKeywordLogger</class>
  <method>logMessage</method>
  <thread>1</thread>
  <message>Verify element text successfully</message>
  <nestedLevel>1</nestedLevel>
</record>
<record>
  <date>2019-11-08T21:26:22</date>
  <millis>1573241182312</millis>
  <sequence>30</sequence>
  <level>END</level>
  <class>com.kms.katalon.core.logging.XmlKeywordLogger</class>
  <method>endKeyword</method>
  <thread>1</thread>
  <message>End action : verifyElementText(response2, \&amp;quot;CountryCurrencyResponse.CountryCurrencyResult.sName\&amp;quot;, currency1)</message>
  <nestedLevel>1</nestedLevel>
</record>
<record>
  <date>2019-11-08T21:26:22</date>
  <millis>1573241182313</millis>
  <sequence>31</sequence>
  <level>PASSED</level>
  <class>com.kms.katalon.core.logging.XmlKeywordLogger</class>
  <method>logMessage</method>
  <thread>1</thread>
  <message>Test Cases/soap</message>
  <nestedLevel>1</nestedLevel>
</record>
<record>
  <date>2019-11-08T21:26:22</date>
  <millis>1573241182313</millis>
  <sequence>32</sequence>
  <level>END</level>
  <class>com.kms.katalon.core.logging.XmlKeywordLogger</class>
  <method>endTest</method>
  <thread>1</thread>
  <message>End Test Case : Test Cases/soap</message>
  <nestedLevel>0</nestedLevel>
</record>
<record>
  <date>2019-11-08T21:26:22</date>
  <millis>1573241182376</millis>
  <sequence>33</sequence>
  <level>END</level>
  <class>com.kms.katalon.core.logging.XmlKeywordLogger</class>
  <method>endSuite</method>
  <thread>1</thread>
  <message>End Test Suite : Test Suites/DDTCountriesXML</message>
  <nestedLevel>0</nestedLevel>
</record>
</log>