<?xml version="1.0" encoding="UTF-8" standalone="no"?>
<!DOCTYPE log SYSTEM "logger.dtd">
<log>
<record>
  <date>2019-11-08T21:29:24</date>
  <millis>1573241364259</millis>
  <sequence>0</sequence>
  <level>START</level>
  <class>com.kms.katalon.core.logging.XmlKeywordLogger</class>
  <method>startSuite</method>
  <thread>1</thread>
  <message>Start Test Suite : Test Suites/DDTCountriesXML</message>
  <nestedLevel>0</nestedLevel>
  <property name="name">DDTCountriesXML</property>
  <property name="description"></property>
  <property name="id">Test Suites/DDTCountriesXML</property>
</record>
<record>
  <date>2019-11-08T21:29:24</date>
  <millis>1573241364289</millis>
  <sequence>1</sequence>
  <level>RUN_DATA</level>
  <class>com.kms.katalon.core.logging.XmlKeywordLogger</class>
  <method>logMessage</method>
  <thread>1</thread>
  <message>hostName = Zangabela - Rana-PC</message>
  <nestedLevel>0</nestedLevel>
  <property name="hostName">Zangabela - Rana-PC</property>
</record>
<record>
  <date>2019-11-08T21:29:24</date>
  <millis>1573241364292</millis>
  <sequence>2</sequence>
  <level>RUN_DATA</level>
  <class>com.kms.katalon.core.logging.XmlKeywordLogger</class>
  <method>logMessage</method>
  <thread>1</thread>
  <message>os = Windows 10 64bit</message>
  <nestedLevel>0</nestedLevel>
  <property name="os">Windows 10 64bit</property>
</record>
<record>
  <date>2019-11-08T21:29:24</date>
  <millis>1573241364293</millis>
  <sequence>3</sequence>
  <level>RUN_DATA</level>
  <class>com.kms.katalon.core.logging.XmlKeywordLogger</class>
  <method>logMessage</method>
  <thread>1</thread>
  <message>hostAddress = 192.168.1.4</message>
  <nestedLevel>0</nestedLevel>
  <property name="hostAddress">192.168.1.4</property>
</record>
<record>
  <date>2019-11-08T21:29:24</date>
  <millis>1573241364295</millis>
  <sequence>4</sequence>
  <level>RUN_DATA</level>
  <class>com.kms.katalon.core.logging.XmlKeywordLogger</class>
  <method>logMessage</method>
  <thread>1</thread>
  <message>katalonVersion = 6.1.4.1</message>
  <nestedLevel>0</nestedLevel>
  <property name="katalonVersion">6.1.4.1</property>
</record>
<record>
  <date>2019-11-08T21:29:24</date>
  <millis>1573241364786</millis>
  <sequence>5</sequence>
  <level>START</level>
  <class>com.kms.katalon.core.logging.XmlKeywordLogger</class>
  <method>startTest</method>
  <thread>1</thread>
  <message>Start Test Case : Test Cases/soap</message>
  <nestedLevel>1</nestedLevel>
  <property name="name">Test Cases/soap</property>
  <property name="description"></property>
  <property name="id">Test Cases/soap</property>
  <property name="source">D:\\Work\\Katalon Studio\\API Demo\\Test Cases\\soap.tc</property>
  <property name="tag"></property>
  <property name="isOptional">false</property>
</record>
<record>
  <date>2019-11-08T21:29:24</date>
  <millis>1573241364831</millis>
  <sequence>7</sequence>
  <level>INFO</level>
  <class>com.kms.katalon.core.logging.XmlKeywordLogger</class>
  <method>logMessage</method>
  <thread>1</thread>
  <message>countrycode = IN</message>
  <nestedLevel>1</nestedLevel>
</record>
<record>
  <date>2019-11-08T21:29:24</date>
  <millis>1573241364832</millis>
  <sequence>8</sequence>
  <level>INFO</level>
  <class>com.kms.katalon.core.logging.XmlKeywordLogger</class>
  <method>logMessage</method>
  <thread>1</thread>
  <message>capital = New Delhi</message>
  <nestedLevel>1</nestedLevel>
</record>
<record>
  <date>2019-11-08T21:29:24</date>
  <millis>1573241364834</millis>
  <sequence>9</sequence>
  <level>INFO</level>
  <class>com.kms.katalon.core.logging.XmlKeywordLogger</class>
  <method>logMessage</method>
  <thread>1</thread>
  <message>currency1 = Rupees</message>
  <nestedLevel>1</nestedLevel>
</record>
<record>
  <date>2019-11-08T21:29:25</date>
  <millis>1573241365457</millis>
  <sequence>10</sequence>
  <level>START</level>
  <class>com.kms.katalon.core.logging.XmlKeywordLogger</class>
  <method>startKeyword</method>
  <thread>1</thread>
  <message>Start action : response1 = sendRequest(findTestObject(\&amp;quot;APIChaining.XML/GetCapitalCity\&amp;quot;))</message>
  <nestedLevel>1</nestedLevel>
  <property name="startLine">16</property>
  <property name="stepIndex">1</property>
</record>
<record>
  <date>2019-11-08T21:29:30</date>
  <millis>1573241370562</millis>
  <sequence>14</sequence>
  <level>INFO</level>
  <class>com.kms.katalon.core.logging.XmlKeywordLogger</class>
  <method>logMessage</method>
  <thread>1</thread>
  <message>HAR: D:\\Work\\Katalon Studio\\API Demo\\Reports\\DDTCountriesXML\\20191108_212920\\requests\\main\\null.har</message>
  <nestedLevel>1</nestedLevel>
  <property name="harId">dec43b9f-3dff-4c28-a98b-999ad50defc1</property>
</record>
<record>
  <date>2019-11-08T21:29:30</date>
  <millis>1573241370744</millis>
  <sequence>15</sequence>
  <level>PASSED</level>
  <class>com.kms.katalon.core.logging.XmlKeywordLogger</class>
  <method>logMessage</method>
  <thread>1</thread>
  <message>Send request successfully</message>
  <nestedLevel>1</nestedLevel>
</record>
<record>
  <date>2019-11-08T21:29:30</date>
  <millis>1573241370746</millis>
  <sequence>16</sequence>
  <level>END</level>
  <class>com.kms.katalon.core.logging.XmlKeywordLogger</class>
  <method>endKeyword</method>
  <thread>1</thread>
  <message>End action : response1 = sendRequest(findTestObject(\&amp;quot;APIChaining.XML/GetCapitalCity\&amp;quot;))</message>
  <nestedLevel>1</nestedLevel>
</record>
<record>
  <date>2019-11-08T21:29:30</date>
  <millis>1573241370748</millis>
  <sequence>17</sequence>
  <level>START</level>
  <class>com.kms.katalon.core.logging.XmlKeywordLogger</class>
  <method>startKeyword</method>
  <thread>1</thread>
  <message>Start action : verifyElementText(response1, \&amp;quot;CapitalCityResponse.CapitalCityResult\&amp;quot;, capital)</message>
  <nestedLevel>1</nestedLevel>
  <property name="startLine">18</property>
  <property name="stepIndex">2</property>
</record>
<record>
  <date>2019-11-08T21:29:31</date>
  <millis>1573241371378</millis>
  <sequence>19</sequence>
  <level>PASSED</level>
  <class>com.kms.katalon.core.logging.XmlKeywordLogger</class>
  <method>logMessage</method>
  <thread>1</thread>
  <message>Verify element text successfully</message>
  <nestedLevel>1</nestedLevel>
</record>
<record>
  <date>2019-11-08T21:29:31</date>
  <millis>1573241371394</millis>
  <sequence>20</sequence>
  <level>END</level>
  <class>com.kms.katalon.core.logging.XmlKeywordLogger</class>
  <method>endKeyword</method>
  <thread>1</thread>
  <message>End action : verifyElementText(response1, \&amp;quot;CapitalCityResponse.CapitalCityResult\&amp;quot;, capital)</message>
  <nestedLevel>1</nestedLevel>
</record>
<record>
  <date>2019-11-08T21:29:31</date>
  <millis>1573241371395</millis>
  <sequence>21</sequence>
  <level>START</level>
  <class>com.kms.katalon.core.logging.XmlKeywordLogger</class>
  <method>startKeyword</method>
  <thread>1</thread>
  <message>Start action : response2 = sendRequest(findTestObject(\&amp;quot;APIChaining.XML/GetCurrencySoapRequest\&amp;quot;))</message>
  <nestedLevel>1</nestedLevel>
  <property name="startLine">20</property>
  <property name="stepIndex">3</property>
</record>
<record>
  <date>2019-11-08T21:29:32</date>
  <millis>1573241372840</millis>
  <sequence>24</sequence>
  <level>INFO</level>
  <class>com.kms.katalon.core.logging.XmlKeywordLogger</class>
  <method>logMessage</method>
  <thread>1</thread>
  <message>HAR: D:\\Work\\Katalon Studio\\API Demo\\Reports\\DDTCountriesXML\\20191108_212920\\requests\\main\\null.har</message>
  <nestedLevel>1</nestedLevel>
  <property name="harId">97d56635-baad-4b7f-aee9-eec816a66526</property>
</record>
<record>
  <date>2019-11-08T21:29:32</date>
  <millis>1573241372844</millis>
  <sequence>25</sequence>
  <level>PASSED</level>
  <class>com.kms.katalon.core.logging.XmlKeywordLogger</class>
  <method>logMessage</method>
  <thread>1</thread>
  <message>Send request successfully</message>
  <nestedLevel>1</nestedLevel>
</record>
<record>
  <date>2019-11-08T21:29:32</date>
  <millis>1573241372845</millis>
  <sequence>26</sequence>
  <level>END</level>
  <class>com.kms.katalon.core.logging.XmlKeywordLogger</class>
  <method>endKeyword</method>
  <thread>1</thread>
  <message>End action : response2 = sendRequest(findTestObject(\&amp;quot;APIChaining.XML/GetCurrencySoapRequest\&amp;quot;))</message>
  <nestedLevel>1</nestedLevel>
</record>
<record>
  <date>2019-11-08T21:29:32</date>
  <millis>1573241372846</millis>
  <sequence>27</sequence>
  <level>START</level>
  <class>com.kms.katalon.core.logging.XmlKeywordLogger</class>
  <method>startKeyword</method>
  <thread>1</thread>
  <message>Start action : verifyElementText(response2, \&amp;quot;CountryCurrencyResponse.CountryCurrencyResult.sName\&amp;quot;, currency1)</message>
  <nestedLevel>1</nestedLevel>
  <property name="startLine">22</property>
  <property name="stepIndex">4</property>
</record>
<record>
  <date>2019-11-08T21:29:32</date>
  <millis>1573241372907</millis>
  <sequence>29</sequence>
  <level>PASSED</level>
  <class>com.kms.katalon.core.logging.XmlKeywordLogger</class>
  <method>logMessage</method>
  <thread>1</thread>
  <message>Verify element text successfully</message>
  <nestedLevel>1</nestedLevel>
</record>
<record>
  <date>2019-11-08T21:29:32</date>
  <millis>1573241372908</millis>
  <sequence>30</sequence>
  <level>END</level>
  <class>com.kms.katalon.core.logging.XmlKeywordLogger</class>
  <method>endKeyword</method>
  <thread>1</thread>
  <message>End action : verifyElementText(response2, \&amp;quot;CountryCurrencyResponse.CountryCurrencyResult.sName\&amp;quot;, currency1)</message>
  <nestedLevel>1</nestedLevel>
</record>
<record>
  <date>2019-11-08T21:29:32</date>
  <millis>1573241372909</millis>
  <sequence>31</sequence>
  <level>PASSED</level>
  <class>com.kms.katalon.core.logging.XmlKeywordLogger</class>
  <method>logMessage</method>
  <thread>1</thread>
  <message>Test Cases/soap</message>
  <nestedLevel>1</nestedLevel>
</record>
<record>
  <date>2019-11-08T21:29:32</date>
  <millis>1573241372910</millis>
  <sequence>32</sequence>
  <level>END</level>
  <class>com.kms.katalon.core.logging.XmlKeywordLogger</class>
  <method>endTest</method>
  <thread>1</thread>
  <message>End Test Case : Test Cases/soap</message>
  <nestedLevel>0</nestedLevel>
</record>
<record>
  <date>2019-11-08T21:29:32</date>
  <millis>1573241372915</millis>
  <sequence>33</sequence>
  <level>START</level>
  <class>com.kms.katalon.core.logging.XmlKeywordLogger</class>
  <method>startTest</method>
  <thread>1</thread>
  <message>Start Test Case : Test Cases/soap</message>
  <nestedLevel>1</nestedLevel>
  <property name="name">Test Cases/soap</property>
  <property name="description"></property>
  <property name="id">Test Cases/soap</property>
  <property name="source">D:\\Work\\Katalon Studio\\API Demo\\Test Cases\\soap.tc</property>
  <property name="tag"></property>
  <property name="isOptional">false</property>
</record>
<record>
  <date>2019-11-08T21:29:32</date>
  <millis>1573241372936</millis>
  <sequence>35</sequence>
  <level>INFO</level>
  <class>com.kms.katalon.core.logging.XmlKeywordLogger</class>
  <method>logMessage</method>
  <thread>1</thread>
  <message>countrycode = US</message>
  <nestedLevel>1</nestedLevel>
</record>
<record>
  <date>2019-11-08T21:29:32</date>
  <millis>1573241372938</millis>
  <sequence>36</sequence>
  <level>INFO</level>
  <class>com.kms.katalon.core.logging.XmlKeywordLogger</class>
  <method>logMessage</method>
  <thread>1</thread>
  <message>capital = Washington</message>
  <nestedLevel>1</nestedLevel>
</record>
<record>
  <date>2019-11-08T21:29:32</date>
  <millis>1573241372939</millis>
  <sequence>37</sequence>
  <level>INFO</level>
  <class>com.kms.katalon.core.logging.XmlKeywordLogger</class>
  <method>logMessage</method>
  <thread>1</thread>
  <message>currency1 = Dollars</message>
  <nestedLevel>1</nestedLevel>
</record>
<record>
  <date>2019-11-08T21:29:32</date>
  <millis>1573241372942</millis>
  <sequence>38</sequence>
  <level>START</level>
  <class>com.kms.katalon.core.logging.XmlKeywordLogger</class>
  <method>startKeyword</method>
  <thread>1</thread>
  <message>Start action : response1 = sendRequest(findTestObject(\&amp;quot;APIChaining.XML/GetCapitalCity\&amp;quot;))</message>
  <nestedLevel>1</nestedLevel>
  <property name="startLine">16</property>
  <property name="stepIndex">1</property>
</record>
<record>
  <date>2019-11-08T21:29:34</date>
  <millis>1573241374056</millis>
  <sequence>42</sequence>
  <level>INFO</level>
  <class>com.kms.katalon.core.logging.XmlKeywordLogger</class>
  <method>logMessage</method>
  <thread>1</thread>
  <message>HAR: D:\\Work\\Katalon Studio\\API Demo\\Reports\\DDTCountriesXML\\20191108_212920\\requests\\main\\null.har</message>
  <nestedLevel>1</nestedLevel>
  <property name="harId">dfa212c5-7346-41ee-9fbc-ec42f278cc97</property>
</record>
<record>
  <date>2019-11-08T21:29:34</date>
  <millis>1573241374059</millis>
  <sequence>43</sequence>
  <level>PASSED</level>
  <class>com.kms.katalon.core.logging.XmlKeywordLogger</class>
  <method>logMessage</method>
  <thread>1</thread>
  <message>Send request successfully</message>
  <nestedLevel>1</nestedLevel>
</record>
<record>
  <date>2019-11-08T21:29:34</date>
  <millis>1573241374060</millis>
  <sequence>44</sequence>
  <level>END</level>
  <class>com.kms.katalon.core.logging.XmlKeywordLogger</class>
  <method>endKeyword</method>
  <thread>1</thread>
  <message>End action : response1 = sendRequest(findTestObject(\&amp;quot;APIChaining.XML/GetCapitalCity\&amp;quot;))</message>
  <nestedLevel>1</nestedLevel>
</record>
<record>
  <date>2019-11-08T21:29:34</date>
  <millis>1573241374060</millis>
  <sequence>45</sequence>
  <level>START</level>
  <class>com.kms.katalon.core.logging.XmlKeywordLogger</class>
  <method>startKeyword</method>
  <thread>1</thread>
  <message>Start action : verifyElementText(response1, \&amp;quot;CapitalCityResponse.CapitalCityResult\&amp;quot;, capital)</message>
  <nestedLevel>1</nestedLevel>
  <property name="startLine">18</property>
  <property name="stepIndex">2</property>
</record>
<record>
  <date>2019-11-08T21:29:34</date>
  <millis>1573241374105</millis>
  <sequence>47</sequence>
  <level>FAILED</level>
  <class>com.kms.katalon.core.logging.XmlKeywordLogger</class>
  <method>logMessage</method>
  <thread>1</thread>
  <message>Expected text is &amp;apos;Washington&amp;apos; but actual element text is: New Delhi</message>
  <nestedLevel>1</nestedLevel>
</record>
<record>
  <date>2019-11-08T21:29:34</date>
  <millis>1573241374118</millis>
  <sequence>49</sequence>
  <level>FAILED</level>
  <class>com.kms.katalon.core.logging.XmlKeywordLogger</class>
  <method>logMessage</method>
  <thread>1</thread>
  <message>Unable to verify element text (Root cause: com.kms.katalon.core.exception.StepFailedException: Expected text is &amp;apos;Washington&amp;apos; but actual element text is: New Delhi\r\n\tat com.kms.katalon.core.keyword.internal.KeywordMain.stepFailed(KeywordMain.groovy:48)\r\n\tat com.kms.katalon.core.webservice.keyword.builtin.VerifyElementTextKeyword$_verifyElementText_closure1.doCall(VerifyElementTextKeyword.groovy:52)\r\n\tat com.kms.katalon.core.webservice.keyword.builtin.VerifyElementTextKeyword$_verifyElementText_closure1.call(VerifyElementTextKeyword.groovy)\r\n\tat com.kms.katalon.core.keyword.internal.KeywordMain.runKeyword(KeywordMain.groovy:66)\r\n\tat com.kms.katalon.core.webservice.keyword.builtin.VerifyElementTextKeyword.verifyElementText(VerifyElementTextKeyword.groovy:45)\r\n\tat com.kms.katalon.core.webservice.keyword.builtin.VerifyElementTextKeyword.execute(VerifyElementTextKeyword.groovy:40)\r\n\tat com.kms.katalon.core.keyword.internal.KeywordExecutor.executeKeywordForPlatform(KeywordExecutor.groovy:56)\r\n\tat com.kms.katalon.core.webservice.keyword.WSBuiltInKeywords.verifyElementText(WSBuiltInKeywords.groovy:154)\r\n\tat com.kms.katalon.core.webservice.keyword.WSBuiltInKeywords$verifyElementText$0.call(Unknown Source)\r\n\tat soap.run(soap:18)\r\n\tat com.kms.katalon.core.main.ScriptEngine.run(ScriptEngine.java:194)\r\n\tat com.kms.katalon.core.main.ScriptEngine.runScriptAsRawText(ScriptEngine.java:119)\r\n\tat com.kms.katalon.core.main.TestCaseExecutor.runScript(TestCaseExecutor.java:336)\r\n\tat com.kms.katalon.core.main.TestCaseExecutor.doExecute(TestCaseExecutor.java:327)\r\n\tat com.kms.katalon.core.main.TestCaseExecutor.processExecutionPhase(TestCaseExecutor.java:306)\r\n\tat com.kms.katalon.core.main.TestCaseExecutor.accessMainPhase(TestCaseExecutor.java:298)\r\n\tat com.kms.katalon.core.main.TestCaseExecutor.execute(TestCaseExecutor.java:232)\r\n\tat com.kms.katalon.core.main.TestSuiteExecutor.accessTestCaseMainPhase(TestSuiteExecutor.java:129)\r\n\tat com.kms.katalon.core.main.TestSuiteExecutor.accessTestSuiteMainPhase(TestSuiteExecutor.java:112)\r\n\tat com.kms.katalon.core.main.TestSuiteExecutor.execute(TestSuiteExecutor.java:81)\r\n\tat com.kms.katalon.core.main.TestCaseMain.startTestSuite(TestCaseMain.java:157)\r\n\tat com.kms.katalon.core.main.TestCaseMain$startTestSuite$0.call(Unknown Source)\r\n\tat TempTestSuite1573241360645.run(TempTestSuite1573241360645.groovy:35)\r\n)</message>
  <nestedLevel>1</nestedLevel>
</record>
<record>
  <date>2019-11-08T21:29:34</date>
  <millis>1573241374120</millis>
  <sequence>50</sequence>
  <level>END</level>
  <class>com.kms.katalon.core.logging.XmlKeywordLogger</class>
  <method>endKeyword</method>
  <thread>1</thread>
  <message>End action : verifyElementText(response1, \&amp;quot;CapitalCityResponse.CapitalCityResult\&amp;quot;, capital)</message>
  <nestedLevel>1</nestedLevel>
</record>
<record>
  <date>2019-11-08T21:29:34</date>
  <millis>1573241374122</millis>
  <sequence>52</sequence>
  <logger>com.kms.katalon.core.logging.XmlKeywordLogger</logger>
  <level>FAILED</level>
  <class>com.kms.katalon.core.logging.XmlKeywordLogger</class>
  <method>logMessage</method>
  <thread>1</thread>
  <message>Test Cases/soap FAILED.\nReason:\ncom.kms.katalon.core.exception.StepFailedException: Expected text is &amp;apos;Washington&amp;apos; but actual element text is: New Delhi\r\n\tat com.kms.katalon.core.keyword.internal.KeywordMain.stepFailed(KeywordMain.groovy:48)\r\n\tat com.kms.katalon.core.webservice.keyword.builtin.VerifyElementTextKeyword$_verifyElementText_closure1.doCall(VerifyElementTextKeyword.groovy:52)\r\n\tat com.kms.katalon.core.webservice.keyword.builtin.VerifyElementTextKeyword$_verifyElementText_closure1.call(VerifyElementTextKeyword.groovy)\r\n\tat com.kms.katalon.core.keyword.internal.KeywordMain.runKeyword(KeywordMain.groovy:66)\r\n\tat com.kms.katalon.core.webservice.keyword.builtin.VerifyElementTextKeyword.verifyElementText(VerifyElementTextKeyword.groovy:45)\r\n\tat com.kms.katalon.core.webservice.keyword.builtin.VerifyElementTextKeyword.execute(VerifyElementTextKeyword.groovy:40)\r\n\tat com.kms.katalon.core.keyword.internal.KeywordExecutor.executeKeywordForPlatform(KeywordExecutor.groovy:56)\r\n\tat com.kms.katalon.core.webservice.keyword.WSBuiltInKeywords.verifyElementText(WSBuiltInKeywords.groovy:154)\r\n\tat com.kms.katalon.core.webservice.keyword.WSBuiltInKeywords$verifyElementText$0.call(Unknown Source)\r\n\tat soap.run(soap:18)\r\n\tat com.kms.katalon.core.main.ScriptEngine.run(ScriptEngine.java:194)\r\n\tat com.kms.katalon.core.main.ScriptEngine.runScriptAsRawText(ScriptEngine.java:119)\r\n\tat com.kms.katalon.core.main.TestCaseExecutor.runScript(TestCaseExecutor.java:336)\r\n\tat com.kms.katalon.core.main.TestCaseExecutor.doExecute(TestCaseExecutor.java:327)\r\n\tat com.kms.katalon.core.main.TestCaseExecutor.processExecutionPhase(TestCaseExecutor.java:306)\r\n\tat com.kms.katalon.core.main.TestCaseExecutor.accessMainPhase(TestCaseExecutor.java:298)\r\n\tat com.kms.katalon.core.main.TestCaseExecutor.execute(TestCaseExecutor.java:232)\r\n\tat com.kms.katalon.core.main.TestSuiteExecutor.accessTestCaseMainPhase(TestSuiteExecutor.java:129)\r\n\tat com.kms.katalon.core.main.TestSuiteExecutor.accessTestSuiteMainPhase(TestSuiteExecutor.java:112)\r\n\tat com.kms.katalon.core.main.TestSuiteExecutor.execute(TestSuiteExecutor.java:81)\r\n\tat com.kms.katalon.core.main.TestCaseMain.startTestSuite(TestCaseMain.java:157)\r\n\tat com.kms.katalon.core.main.TestCaseMain$startTestSuite$0.call(Unknown Source)\r\n\tat TempTestSuite1573241360645.run(TempTestSuite1573241360645.groovy:35)\r\n</message>
  <exception>
    <message>com.kms.katalon.core.exception.StepFailedException: Expected text is 'Washington' but actual element text is: New Delhi</message>
    <frame>
      <class>com.kms.katalon.core.keyword.internal.KeywordMain</class>
      <method>stepFailed</method>
      <line>48</line>
    </frame>
    <frame>
      <class>com.kms.katalon.core.webservice.keyword.builtin.VerifyElementTextKeyword$_verifyElementText_closure1</class>
      <method>doCall</method>
      <line>52</line>
    </frame>
    <frame>
      <class>com.kms.katalon.core.webservice.keyword.builtin.VerifyElementTextKeyword$_verifyElementText_closure1</class>
      <method>call</method>
    </frame>
    <frame>
      <class>com.kms.katalon.core.keyword.internal.KeywordMain</class>
      <method>runKeyword</method>
      <line>66</line>
    </frame>
    <frame>
      <class>com.kms.katalon.core.webservice.keyword.builtin.VerifyElementTextKeyword</class>
      <method>verifyElementText</method>
      <line>45</line>
    </frame>
    <frame>
      <class>com.kms.katalon.core.webservice.keyword.builtin.VerifyElementTextKeyword</class>
      <method>execute</method>
      <line>40</line>
    </frame>
    <frame>
      <class>com.kms.katalon.core.keyword.internal.KeywordExecutor</class>
      <method>executeKeywordForPlatform</method>
      <line>56</line>
    </frame>
    <frame>
      <class>com.kms.katalon.core.webservice.keyword.WSBuiltInKeywords</class>
      <method>verifyElementText</method>
      <line>154</line>
    </frame>
    <frame>
      <class>com.kms.katalon.core.webservice.keyword.WSBuiltInKeywords$verifyElementText$0</class>
      <method>call</method>
    </frame>
    <frame>
      <class>soap</class>
      <method>run</method>
      <line>18</line>
    </frame>
    <frame>
      <class>com.kms.katalon.core.main.ScriptEngine</class>
      <method>run</method>
      <line>194</line>
    </frame>
    <frame>
      <class>com.kms.katalon.core.main.ScriptEngine</class>
      <method>runScriptAsRawText</method>
      <line>119</line>
    </frame>
    <frame>
      <class>com.kms.katalon.core.main.TestCaseExecutor</class>
      <method>runScript</method>
      <line>336</line>
    </frame>
    <frame>
      <class>com.kms.katalon.core.main.TestCaseExecutor</class>
      <method>doExecute</method>
      <line>327</line>
    </frame>
    <frame>
      <class>com.kms.katalon.core.main.TestCaseExecutor</class>
      <method>processExecutionPhase</method>
      <line>306</line>
    </frame>
    <frame>
      <class>com.kms.katalon.core.main.TestCaseExecutor</class>
      <method>accessMainPhase</method>
      <line>298</line>
    </frame>
    <frame>
      <class>com.kms.katalon.core.main.TestCaseExecutor</class>
      <method>execute</method>
      <line>232</line>
    </frame>
    <frame>
      <class>com.kms.katalon.core.main.TestSuiteExecutor</class>
      <method>accessTestCaseMainPhase</method>
      <line>129</line>
    </frame>
    <frame>
      <class>com.kms.katalon.core.main.TestSuiteExecutor</class>
      <method>accessTestSuiteMainPhase</method>
      <line>112</line>
    </frame>
    <frame>
      <class>com.kms.katalon.core.main.TestSuiteExecutor</class>
      <method>execute</method>
      <line>81</line>
    </frame>
    <frame>
      <class>com.kms.katalon.core.main.TestCaseMain</class>
      <method>startTestSuite</method>
      <line>157</line>
    </frame>
    <frame>
      <class>com.kms.katalon.core.main.TestCaseMain$startTestSuite$0</class>
      <method>call</method>
    </frame>
    <frame>
      <class>TempTestSuite1573241360645</class>
      <method>run</method>
      <line>35</line>
    </frame>
  </exception>
  <nestedLevel>0</nestedLevel>
</record>
<record>
  <date>2019-11-08T21:29:34</date>
  <millis>1573241374131</millis>
  <sequence>53</sequence>
  <level>END</level>
  <class>com.kms.katalon.core.logging.XmlKeywordLogger</class>
  <method>endTest</method>
  <thread>1</thread>
  <message>End Test Case : Test Cases/soap</message>
  <nestedLevel>0</nestedLevel>
</record>
<record>
  <date>2019-11-08T21:29:34</date>
  <millis>1573241374139</millis>
  <sequence>54</sequence>
  <level>START</level>
  <class>com.kms.katalon.core.logging.XmlKeywordLogger</class>
  <method>startTest</method>
  <thread>1</thread>
  <message>Start Test Case : Test Cases/soap</message>
  <nestedLevel>1</nestedLevel>
  <property name="name">Test Cases/soap</property>
  <property name="description"></property>
  <property name="id">Test Cases/soap</property>
  <property name="source">D:\\Work\\Katalon Studio\\API Demo\\Test Cases\\soap.tc</property>
  <property name="tag"></property>
  <property name="isOptional">false</property>
</record>
<record>
  <date>2019-11-08T21:29:34</date>
  <millis>1573241374153</millis>
  <sequence>56</sequence>
  <level>INFO</level>
  <class>com.kms.katalon.core.logging.XmlKeywordLogger</class>
  <method>logMessage</method>
  <thread>1</thread>
  <message>countrycode = VN</message>
  <nestedLevel>1</nestedLevel>
</record>
<record>
  <date>2019-11-08T21:29:34</date>
  <millis>1573241374154</millis>
  <sequence>57</sequence>
  <level>INFO</level>
  <class>com.kms.katalon.core.logging.XmlKeywordLogger</class>
  <method>logMessage</method>
  <thread>1</thread>
  <message>capital = Hanoi</message>
  <nestedLevel>1</nestedLevel>
</record>
<record>
  <date>2019-11-08T21:29:34</date>
  <millis>1573241374155</millis>
  <sequence>58</sequence>
  <level>INFO</level>
  <class>com.kms.katalon.core.logging.XmlKeywordLogger</class>
  <method>logMessage</method>
  <thread>1</thread>
  <message>currency1 = Dong</message>
  <nestedLevel>1</nestedLevel>
</record>
<record>
  <date>2019-11-08T21:29:34</date>
  <millis>1573241374157</millis>
  <sequence>59</sequence>
  <level>START</level>
  <class>com.kms.katalon.core.logging.XmlKeywordLogger</class>
  <method>startKeyword</method>
  <thread>1</thread>
  <message>Start action : response1 = sendRequest(findTestObject(\&amp;quot;APIChaining.XML/GetCapitalCity\&amp;quot;))</message>
  <nestedLevel>1</nestedLevel>
  <property name="startLine">16</property>
  <property name="stepIndex">1</property>
</record>
<record>
  <date>2019-11-08T21:29:35</date>
  <millis>1573241375322</millis>
  <sequence>63</sequence>
  <level>INFO</level>
  <class>com.kms.katalon.core.logging.XmlKeywordLogger</class>
  <method>logMessage</method>
  <thread>1</thread>
  <message>HAR: D:\\Work\\Katalon Studio\\API Demo\\Reports\\DDTCountriesXML\\20191108_212920\\requests\\main\\null.har</message>
  <nestedLevel>1</nestedLevel>
  <property name="harId">9e18e52f-61d7-40c5-b312-3731d6a34fcb</property>
</record>
<record>
  <date>2019-11-08T21:29:35</date>
  <millis>1573241375325</millis>
  <sequence>64</sequence>
  <level>PASSED</level>
  <class>com.kms.katalon.core.logging.XmlKeywordLogger</class>
  <method>logMessage</method>
  <thread>1</thread>
  <message>Send request successfully</message>
  <nestedLevel>1</nestedLevel>
</record>
<record>
  <date>2019-11-08T21:29:35</date>
  <millis>1573241375326</millis>
  <sequence>65</sequence>
  <level>END</level>
  <class>com.kms.katalon.core.logging.XmlKeywordLogger</class>
  <method>endKeyword</method>
  <thread>1</thread>
  <message>End action : response1 = sendRequest(findTestObject(\&amp;quot;APIChaining.XML/GetCapitalCity\&amp;quot;))</message>
  <nestedLevel>1</nestedLevel>
</record>
<record>
  <date>2019-11-08T21:29:35</date>
  <millis>1573241375326</millis>
  <sequence>66</sequence>
  <level>START</level>
  <class>com.kms.katalon.core.logging.XmlKeywordLogger</class>
  <method>startKeyword</method>
  <thread>1</thread>
  <message>Start action : verifyElementText(response1, \&amp;quot;CapitalCityResponse.CapitalCityResult\&amp;quot;, capital)</message>
  <nestedLevel>1</nestedLevel>
  <property name="startLine">18</property>
  <property name="stepIndex">2</property>
</record>
<record>
  <date>2019-11-08T21:29:35</date>
  <millis>1573241375361</millis>
  <sequence>68</sequence>
  <level>FAILED</level>
  <class>com.kms.katalon.core.logging.XmlKeywordLogger</class>
  <method>logMessage</method>
  <thread>1</thread>
  <message>Expected text is &amp;apos;Hanoi&amp;apos; but actual element text is: New Delhi</message>
  <nestedLevel>1</nestedLevel>
</record>
<record>
  <date>2019-11-08T21:29:35</date>
  <millis>1573241375364</millis>
  <sequence>70</sequence>
  <level>FAILED</level>
  <class>com.kms.katalon.core.logging.XmlKeywordLogger</class>
  <method>logMessage</method>
  <thread>1</thread>
  <message>Unable to verify element text (Root cause: com.kms.katalon.core.exception.StepFailedException: Expected text is &amp;apos;Hanoi&amp;apos; but actual element text is: New Delhi\r\n\tat com.kms.katalon.core.keyword.internal.KeywordMain.stepFailed(KeywordMain.groovy:48)\r\n\tat com.kms.katalon.core.webservice.keyword.builtin.VerifyElementTextKeyword$_verifyElementText_closure1.doCall(VerifyElementTextKeyword.groovy:52)\r\n\tat com.kms.katalon.core.webservice.keyword.builtin.VerifyElementTextKeyword$_verifyElementText_closure1.call(VerifyElementTextKeyword.groovy)\r\n\tat com.kms.katalon.core.keyword.internal.KeywordMain.runKeyword(KeywordMain.groovy:66)\r\n\tat com.kms.katalon.core.webservice.keyword.builtin.VerifyElementTextKeyword.verifyElementText(VerifyElementTextKeyword.groovy:45)\r\n\tat com.kms.katalon.core.webservice.keyword.builtin.VerifyElementTextKeyword.execute(VerifyElementTextKeyword.groovy:40)\r\n\tat com.kms.katalon.core.keyword.internal.KeywordExecutor.executeKeywordForPlatform(KeywordExecutor.groovy:56)\r\n\tat com.kms.katalon.core.webservice.keyword.WSBuiltInKeywords.verifyElementText(WSBuiltInKeywords.groovy:154)\r\n\tat com.kms.katalon.core.webservice.keyword.WSBuiltInKeywords$verifyElementText$0.call(Unknown Source)\r\n\tat soap.run(soap:18)\r\n\tat com.kms.katalon.core.main.ScriptEngine.run(ScriptEngine.java:194)\r\n\tat com.kms.katalon.core.main.ScriptEngine.runScriptAsRawText(ScriptEngine.java:119)\r\n\tat com.kms.katalon.core.main.TestCaseExecutor.runScript(TestCaseExecutor.java:336)\r\n\tat com.kms.katalon.core.main.TestCaseExecutor.doExecute(TestCaseExecutor.java:327)\r\n\tat com.kms.katalon.core.main.TestCaseExecutor.processExecutionPhase(TestCaseExecutor.java:306)\r\n\tat com.kms.katalon.core.main.TestCaseExecutor.accessMainPhase(TestCaseExecutor.java:298)\r\n\tat com.kms.katalon.core.main.TestCaseExecutor.execute(TestCaseExecutor.java:232)\r\n\tat com.kms.katalon.core.main.TestSuiteExecutor.accessTestCaseMainPhase(TestSuiteExecutor.java:129)\r\n\tat com.kms.katalon.core.main.TestSuiteExecutor.accessTestSuiteMainPhase(TestSuiteExecutor.java:112)\r\n\tat com.kms.katalon.core.main.TestSuiteExecutor.execute(TestSuiteExecutor.java:81)\r\n\tat com.kms.katalon.core.main.TestCaseMain.startTestSuite(TestCaseMain.java:157)\r\n\tat com.kms.katalon.core.main.TestCaseMain$startTestSuite$0.call(Unknown Source)\r\n\tat TempTestSuite1573241360645.run(TempTestSuite1573241360645.groovy:35)\r\n)</message>
  <nestedLevel>1</nestedLevel>
</record>
<record>
  <date>2019-11-08T21:29:35</date>
  <millis>1573241375365</millis>
  <sequence>71</sequence>
  <level>END</level>
  <class>com.kms.katalon.core.logging.XmlKeywordLogger</class>
  <method>endKeyword</method>
  <thread>1</thread>
  <message>End action : verifyElementText(response1, \&amp;quot;CapitalCityResponse.CapitalCityResult\&amp;quot;, capital)</message>
  <nestedLevel>1</nestedLevel>
</record>
<record>
  <date>2019-11-08T21:29:35</date>
  <millis>1573241375366</millis>
  <sequence>73</sequence>
  <logger>com.kms.katalon.core.logging.XmlKeywordLogger</logger>
  <level>FAILED</level>
  <class>com.kms.katalon.core.logging.XmlKeywordLogger</class>
  <method>logMessage</method>
  <thread>1</thread>
  <message>Test Cases/soap FAILED.\nReason:\ncom.kms.katalon.core.exception.StepFailedException: Expected text is &amp;apos;Hanoi&amp;apos; but actual element text is: New Delhi\r\n\tat com.kms.katalon.core.keyword.internal.KeywordMain.stepFailed(KeywordMain.groovy:48)\r\n\tat com.kms.katalon.core.webservice.keyword.builtin.VerifyElementTextKeyword$_verifyElementText_closure1.doCall(VerifyElementTextKeyword.groovy:52)\r\n\tat com.kms.katalon.core.webservice.keyword.builtin.VerifyElementTextKeyword$_verifyElementText_closure1.call(VerifyElementTextKeyword.groovy)\r\n\tat com.kms.katalon.core.keyword.internal.KeywordMain.runKeyword(KeywordMain.groovy:66)\r\n\tat com.kms.katalon.core.webservice.keyword.builtin.VerifyElementTextKeyword.verifyElementText(VerifyElementTextKeyword.groovy:45)\r\n\tat com.kms.katalon.core.webservice.keyword.builtin.VerifyElementTextKeyword.execute(VerifyElementTextKeyword.groovy:40)\r\n\tat com.kms.katalon.core.keyword.internal.KeywordExecutor.executeKeywordForPlatform(KeywordExecutor.groovy:56)\r\n\tat com.kms.katalon.core.webservice.keyword.WSBuiltInKeywords.verifyElementText(WSBuiltInKeywords.groovy:154)\r\n\tat com.kms.katalon.core.webservice.keyword.WSBuiltInKeywords$verifyElementText$0.call(Unknown Source)\r\n\tat soap.run(soap:18)\r\n\tat com.kms.katalon.core.main.ScriptEngine.run(ScriptEngine.java:194)\r\n\tat com.kms.katalon.core.main.ScriptEngine.runScriptAsRawText(ScriptEngine.java:119)\r\n\tat com.kms.katalon.core.main.TestCaseExecutor.runScript(TestCaseExecutor.java:336)\r\n\tat com.kms.katalon.core.main.TestCaseExecutor.doExecute(TestCaseExecutor.java:327)\r\n\tat com.kms.katalon.core.main.TestCaseExecutor.processExecutionPhase(TestCaseExecutor.java:306)\r\n\tat com.kms.katalon.core.main.TestCaseExecutor.accessMainPhase(TestCaseExecutor.java:298)\r\n\tat com.kms.katalon.core.main.TestCaseExecutor.execute(TestCaseExecutor.java:232)\r\n\tat com.kms.katalon.core.main.TestSuiteExecutor.accessTestCaseMainPhase(TestSuiteExecutor.java:129)\r\n\tat com.kms.katalon.core.main.TestSuiteExecutor.accessTestSuiteMainPhase(TestSuiteExecutor.java:112)\r\n\tat com.kms.katalon.core.main.TestSuiteExecutor.execute(TestSuiteExecutor.java:81)\r\n\tat com.kms.katalon.core.main.TestCaseMain.startTestSuite(TestCaseMain.java:157)\r\n\tat com.kms.katalon.core.main.TestCaseMain$startTestSuite$0.call(Unknown Source)\r\n\tat TempTestSuite1573241360645.run(TempTestSuite1573241360645.groovy:35)\r\n</message>
  <exception>
    <message>com.kms.katalon.core.exception.StepFailedException: Expected text is 'Hanoi' but actual element text is: New Delhi</message>
    <frame>
      <class>com.kms.katalon.core.keyword.internal.KeywordMain</class>
      <method>stepFailed</method>
      <line>48</line>
    </frame>
    <frame>
      <class>com.kms.katalon.core.webservice.keyword.builtin.VerifyElementTextKeyword$_verifyElementText_closure1</class>
      <method>doCall</method>
      <line>52</line>
    </frame>
    <frame>
      <class>com.kms.katalon.core.webservice.keyword.builtin.VerifyElementTextKeyword$_verifyElementText_closure1</class>
      <method>call</method>
    </frame>
    <frame>
      <class>com.kms.katalon.core.keyword.internal.KeywordMain</class>
      <method>runKeyword</method>
      <line>66</line>
    </frame>
    <frame>
      <class>com.kms.katalon.core.webservice.keyword.builtin.VerifyElementTextKeyword</class>
      <method>verifyElementText</method>
      <line>45</line>
    </frame>
    <frame>
      <class>com.kms.katalon.core.webservice.keyword.builtin.VerifyElementTextKeyword</class>
      <method>execute</method>
      <line>40</line>
    </frame>
    <frame>
      <class>com.kms.katalon.core.keyword.internal.KeywordExecutor</class>
      <method>executeKeywordForPlatform</method>
      <line>56</line>
    </frame>
    <frame>
      <class>com.kms.katalon.core.webservice.keyword.WSBuiltInKeywords</class>
      <method>verifyElementText</method>
      <line>154</line>
    </frame>
    <frame>
      <class>com.kms.katalon.core.webservice.keyword.WSBuiltInKeywords$verifyElementText$0</class>
      <method>call</method>
    </frame>
    <frame>
      <class>soap</class>
      <method>run</method>
      <line>18</line>
    </frame>
    <frame>
      <class>com.kms.katalon.core.main.ScriptEngine</class>
      <method>run</method>
      <line>194</line>
    </frame>
    <frame>
      <class>com.kms.katalon.core.main.ScriptEngine</class>
      <method>runScriptAsRawText</method>
      <line>119</line>
    </frame>
    <frame>
      <class>com.kms.katalon.core.main.TestCaseExecutor</class>
      <method>runScript</method>
      <line>336</line>
    </frame>
    <frame>
      <class>com.kms.katalon.core.main.TestCaseExecutor</class>
      <method>doExecute</method>
      <line>327</line>
    </frame>
    <frame>
      <class>com.kms.katalon.core.main.TestCaseExecutor</class>
      <method>processExecutionPhase</method>
      <line>306</line>
    </frame>
    <frame>
      <class>com.kms.katalon.core.main.TestCaseExecutor</class>
      <method>accessMainPhase</method>
      <line>298</line>
    </frame>
    <frame>
      <class>com.kms.katalon.core.main.TestCaseExecutor</class>
      <method>execute</method>
      <line>232</line>
    </frame>
    <frame>
      <class>com.kms.katalon.core.main.TestSuiteExecutor</class>
      <method>accessTestCaseMainPhase</method>
      <line>129</line>
    </frame>
    <frame>
      <class>com.kms.katalon.core.main.TestSuiteExecutor</class>
      <method>accessTestSuiteMainPhase</method>
      <line>112</line>
    </frame>
    <frame>
      <class>com.kms.katalon.core.main.TestSuiteExecutor</class>
      <method>execute</method>
      <line>81</line>
    </frame>
    <frame>
      <class>com.kms.katalon.core.main.TestCaseMain</class>
      <method>startTestSuite</method>
      <line>157</line>
    </frame>
    <frame>
      <class>com.kms.katalon.core.main.TestCaseMain$startTestSuite$0</class>
      <method>call</method>
    </frame>
    <frame>
      <class>TempTestSuite1573241360645</class>
      <method>run</method>
      <line>35</line>
    </frame>
  </exception>
  <nestedLevel>0</nestedLevel>
</record>
<record>
  <date>2019-11-08T21:29:35</date>
  <millis>1573241375368</millis>
  <sequence>74</sequence>
  <level>END</level>
  <class>com.kms.katalon.core.logging.XmlKeywordLogger</class>
  <method>endTest</method>
  <thread>1</thread>
  <message>End Test Case : Test Cases/soap</message>
  <nestedLevel>0</nestedLevel>
</record>
<record>
  <date>2019-11-08T21:29:35</date>
  <millis>1573241375466</millis>
  <sequence>75</sequence>
  <level>END</level>
  <class>com.kms.katalon.core.logging.XmlKeywordLogger</class>
  <method>endSuite</method>
  <thread>1</thread>
  <message>End Test Suite : Test Suites/DDTCountriesXML</message>
  <nestedLevel>0</nestedLevel>
</record>
</log>