<?xml version="1.0" encoding="UTF-8" standalone="no"?>
<!DOCTYPE log SYSTEM "logger.dtd">
<log>
<record>
  <date>2019-11-08T17:09:37</date>
  <millis>1573225777612</millis>
  <sequence>0</sequence>
  <level>START</level>
  <class>com.kms.katalon.core.logging.XmlKeywordLogger</class>
  <method>startSuite</method>
  <thread>1</thread>
  <message>Start Test Suite : Test Suites/APIChainingJson</message>
  <nestedLevel>0</nestedLevel>
  <property name="name">APIChainingJson</property>
  <property name="description"></property>
  <property name="id">Test Suites/APIChainingJson</property>
</record>
<record>
  <date>2019-11-08T17:09:37</date>
  <millis>1573225777649</millis>
  <sequence>1</sequence>
  <level>RUN_DATA</level>
  <class>com.kms.katalon.core.logging.XmlKeywordLogger</class>
  <method>logMessage</method>
  <thread>1</thread>
  <message>hostName = Zangabela - Rana-PC</message>
  <nestedLevel>0</nestedLevel>
  <property name="hostName">Zangabela - Rana-PC</property>
</record>
<record>
  <date>2019-11-08T17:09:37</date>
  <millis>1573225777651</millis>
  <sequence>2</sequence>
  <level>RUN_DATA</level>
  <class>com.kms.katalon.core.logging.XmlKeywordLogger</class>
  <method>logMessage</method>
  <thread>1</thread>
  <message>os = Windows 10 64bit</message>
  <nestedLevel>0</nestedLevel>
  <property name="os">Windows 10 64bit</property>
</record>
<record>
  <date>2019-11-08T17:09:37</date>
  <millis>1573225777656</millis>
  <sequence>3</sequence>
  <level>RUN_DATA</level>
  <class>com.kms.katalon.core.logging.XmlKeywordLogger</class>
  <method>logMessage</method>
  <thread>1</thread>
  <message>hostAddress = 192.168.1.4</message>
  <nestedLevel>0</nestedLevel>
  <property name="hostAddress">192.168.1.4</property>
</record>
<record>
  <date>2019-11-08T17:09:37</date>
  <millis>1573225777669</millis>
  <sequence>4</sequence>
  <level>RUN_DATA</level>
  <class>com.kms.katalon.core.logging.XmlKeywordLogger</class>
  <method>logMessage</method>
  <thread>1</thread>
  <message>katalonVersion = 6.1.4.1</message>
  <nestedLevel>0</nestedLevel>
  <property name="katalonVersion">6.1.4.1</property>
</record>
<record>
  <date>2019-11-08T17:09:38</date>
  <millis>1573225778832</millis>
  <sequence>5</sequence>
  <level>START</level>
  <class>com.kms.katalon.core.logging.XmlKeywordLogger</class>
  <method>startTest</method>
  <thread>1</thread>
  <message>Start Test Case : Test Cases/APIChaining.JSON/RESTAPIChaining.JSON</message>
  <nestedLevel>1</nestedLevel>
  <property name="name">Test Cases/APIChaining.JSON/RESTAPIChaining.JSON</property>
  <property name="description"></property>
  <property name="id">Test Cases/APIChaining.JSON/RESTAPIChaining.JSON</property>
  <property name="source">D:\\Work\\Katalon Studio\\API Demo\\Test Cases\\APIChaining.JSON\\RESTAPIChaining.JSON.tc</property>
  <property name="tag"></property>
  <property name="isOptional">false</property>
</record>
<record>
  <date>2019-11-08T17:09:41</date>
  <millis>1573225781617</millis>
  <sequence>7</sequence>
  <level>START</level>
  <class>com.kms.katalon.core.logging.XmlKeywordLogger</class>
  <method>startKeyword</method>
  <thread>1</thread>
  <message>Start action : Response = sendRequest(findTestObject(\&amp;quot;APIChaining.JSON/ListUsers\&amp;quot;))</message>
  <nestedLevel>1</nestedLevel>
  <property name="startLine">17</property>
  <property name="stepIndex">1</property>
  <property name="description"> call listofuser api in a variable =response </property>
</record>
<record>
  <date>2019-11-08T17:09:53</date>
  <millis>1573225793326</millis>
  <sequence>11</sequence>
  <level>INFO</level>
  <class>com.kms.katalon.core.logging.XmlKeywordLogger</class>
  <method>logMessage</method>
  <thread>1</thread>
  <message>HAR: D:\\Work\\Katalon Studio\\API Demo\\Reports\\APIChainingJson\\20191108_170927\\requests\\main\\null.har</message>
  <nestedLevel>1</nestedLevel>
  <property name="harId">56e16ebb-946b-48e6-ba73-9953a72a99b9</property>
</record>
<record>
  <date>2019-11-08T17:09:53</date>
  <millis>1573225793995</millis>
  <sequence>12</sequence>
  <level>PASSED</level>
  <class>com.kms.katalon.core.logging.XmlKeywordLogger</class>
  <method>logMessage</method>
  <thread>1</thread>
  <message>Send request successfully</message>
  <nestedLevel>1</nestedLevel>
</record>
<record>
  <date>2019-11-08T17:09:54</date>
  <millis>1573225794093</millis>
  <sequence>13</sequence>
  <level>END</level>
  <class>com.kms.katalon.core.logging.XmlKeywordLogger</class>
  <method>endKeyword</method>
  <thread>1</thread>
  <message>End action : Response = sendRequest(findTestObject(\&amp;quot;APIChaining.JSON/ListUsers\&amp;quot;))</message>
  <nestedLevel>1</nestedLevel>
</record>
<record>
  <date>2019-11-08T17:09:54</date>
  <millis>1573225794097</millis>
  <sequence>14</sequence>
  <level>START</level>
  <class>com.kms.katalon.core.logging.XmlKeywordLogger</class>
  <method>startKeyword</method>
  <thread>1</thread>
  <message>Start action : slurper = new groovy.json.JsonSlurper()</message>
  <nestedLevel>1</nestedLevel>
  <property name="startLine">20</property>
  <property name="stepIndex">2</property>
  <property name="description"> parsing json file </property>
</record>
<record>
  <date>2019-11-08T17:09:54</date>
  <millis>1573225794137</millis>
  <sequence>15</sequence>
  <level>END</level>
  <class>com.kms.katalon.core.logging.XmlKeywordLogger</class>
  <method>endKeyword</method>
  <thread>1</thread>
  <message>End action : slurper = new groovy.json.JsonSlurper()</message>
  <nestedLevel>1</nestedLevel>
</record>
<record>
  <date>2019-11-08T17:09:54</date>
  <millis>1573225794138</millis>
  <sequence>16</sequence>
  <level>START</level>
  <class>com.kms.katalon.core.logging.XmlKeywordLogger</class>
  <method>startKeyword</method>
  <thread>1</thread>
  <message>Start action : result = slurper.parseText(Response.getResponseBodyContent())</message>
  <nestedLevel>1</nestedLevel>
  <property name="startLine">22</property>
  <property name="stepIndex">3</property>
</record>
<record>
  <date>2019-11-08T17:09:54</date>
  <millis>1573225794634</millis>
  <sequence>17</sequence>
  <level>END</level>
  <class>com.kms.katalon.core.logging.XmlKeywordLogger</class>
  <method>endKeyword</method>
  <thread>1</thread>
  <message>End action : result = slurper.parseText(Response.getResponseBodyContent())</message>
  <nestedLevel>1</nestedLevel>
</record>
<record>
  <date>2019-11-08T17:09:54</date>
  <millis>1573225794637</millis>
  <sequence>18</sequence>
  <level>START</level>
  <class>com.kms.katalon.core.logging.XmlKeywordLogger</class>
  <method>startKeyword</method>
  <thread>1</thread>
  <message>Start action : value = first_name</message>
  <nestedLevel>1</nestedLevel>
  <property name="startLine">25</property>
  <property name="stepIndex">4</property>
  <property name="description"> get index of location of the user and put it in value </property>
</record>
<record>
  <date>2019-11-08T17:09:54</date>
  <millis>1573225794662</millis>
  <sequence>19</sequence>
  <level>END</level>
  <class>com.kms.katalon.core.logging.XmlKeywordLogger</class>
  <method>endKeyword</method>
  <thread>1</thread>
  <message>End action : value = first_name</message>
  <nestedLevel>1</nestedLevel>
</record>
<record>
  <date>2019-11-08T17:09:54</date>
  <millis>1573225794664</millis>
  <sequence>20</sequence>
  <level>START</level>
  <class>com.kms.katalon.core.logging.XmlKeywordLogger</class>
  <method>startKeyword</method>
  <thread>1</thread>
  <message>Start action : println(\&amp;quot;value is \&amp;quot; + value)</message>
  <nestedLevel>1</nestedLevel>
  <property name="startLine">28</property>
  <property name="stepIndex">5</property>
  <property name="description"> print value </property>
</record>
<record>
  <date>2019-11-08T17:09:54</date>
  <millis>1573225794778</millis>
  <sequence>21</sequence>
  <level>END</level>
  <class>com.kms.katalon.core.logging.XmlKeywordLogger</class>
  <method>endKeyword</method>
  <thread>1</thread>
  <message>End action : println(\&amp;quot;value is \&amp;quot; + value)</message>
  <nestedLevel>1</nestedLevel>
</record>
<record>
  <date>2019-11-08T17:09:54</date>
  <millis>1573225794780</millis>
  <sequence>22</sequence>
  <level>START</level>
  <class>com.kms.katalon.core.logging.XmlKeywordLogger</class>
  <method>startKeyword</method>
  <thread>1</thread>
  <message>Start action : username = value</message>
  <nestedLevel>1</nestedLevel>
  <property name="startLine">31</property>
  <property name="stepIndex">6</property>
  <property name="description"> add value in global variable </property>
</record>
<record>
  <date>2019-11-08T17:09:54</date>
  <millis>1573225794787</millis>
  <sequence>23</sequence>
  <level>END</level>
  <class>com.kms.katalon.core.logging.XmlKeywordLogger</class>
  <method>endKeyword</method>
  <thread>1</thread>
  <message>End action : username = value</message>
  <nestedLevel>1</nestedLevel>
</record>
<record>
  <date>2019-11-08T17:09:54</date>
  <millis>1573225794789</millis>
  <sequence>24</sequence>
  <level>START</level>
  <class>com.kms.katalon.core.logging.XmlKeywordLogger</class>
  <method>startKeyword</method>
  <thread>1</thread>
  <message>Start action : println(\&amp;quot;global variable is :\&amp;quot; + username)</message>
  <nestedLevel>1</nestedLevel>
  <property name="startLine">34</property>
  <property name="stepIndex">7</property>
  <property name="description"> print global variable </property>
</record>
<record>
  <date>2019-11-08T17:09:54</date>
  <millis>1573225794794</millis>
  <sequence>25</sequence>
  <level>END</level>
  <class>com.kms.katalon.core.logging.XmlKeywordLogger</class>
  <method>endKeyword</method>
  <thread>1</thread>
  <message>End action : println(\&amp;quot;global variable is :\&amp;quot; + username)</message>
  <nestedLevel>1</nestedLevel>
</record>
<record>
  <date>2019-11-08T17:09:54</date>
  <millis>1573225794795</millis>
  <sequence>26</sequence>
  <level>START</level>
  <class>com.kms.katalon.core.logging.XmlKeywordLogger</class>
  <method>startKeyword</method>
  <thread>1</thread>
  <message>Start action : \&amp;quot; call other api that has a global variable \&amp;quot;</message>
  <nestedLevel>1</nestedLevel>
  <property name="startLine">36</property>
  <property name="stepIndex">8</property>
</record>
<record>
  <date>2019-11-08T17:09:54</date>
  <millis>1573225794844</millis>
  <sequence>27</sequence>
  <level>END</level>
  <class>com.kms.katalon.core.logging.XmlKeywordLogger</class>
  <method>endKeyword</method>
  <thread>1</thread>
  <message>End action : \&amp;quot; call other api that has a global variable \&amp;quot;</message>
  <nestedLevel>1</nestedLevel>
</record>
<record>
  <date>2019-11-08T17:09:54</date>
  <millis>1573225794844</millis>
  <sequence>28</sequence>
  <level>START</level>
  <class>com.kms.katalon.core.logging.XmlKeywordLogger</class>
  <method>startKeyword</method>
  <thread>1</thread>
  <message>Start action : sendRequest(findTestObject(\&amp;quot;APIChaining.JSON/UpdateUser\&amp;quot;, [\&amp;quot;username\&amp;quot;:first_name]))</message>
  <nestedLevel>1</nestedLevel>
  <property name="startLine">42</property>
  <property name="stepIndex">9</property>
  <property name="description"> Passing Values from Response to Request  </property>
</record>
<record>
  <date>2019-11-08T17:09:55</date>
  <millis>1573225795992</millis>
  <sequence>31</sequence>
  <level>INFO</level>
  <class>com.kms.katalon.core.logging.XmlKeywordLogger</class>
  <method>logMessage</method>
  <thread>1</thread>
  <message>HAR: D:\\Work\\Katalon Studio\\API Demo\\Reports\\APIChainingJson\\20191108_170927\\requests\\main\\null.har</message>
  <nestedLevel>1</nestedLevel>
  <property name="harId">539f6ca0-fdcd-4c3a-a486-3acf101a5c7d</property>
</record>
<record>
  <date>2019-11-08T17:09:55</date>
  <millis>1573225795999</millis>
  <sequence>32</sequence>
  <level>PASSED</level>
  <class>com.kms.katalon.core.logging.XmlKeywordLogger</class>
  <method>logMessage</method>
  <thread>1</thread>
  <message>Send request successfully</message>
  <nestedLevel>1</nestedLevel>
</record>
<record>
  <date>2019-11-08T17:09:55</date>
  <millis>1573225795999</millis>
  <sequence>33</sequence>
  <level>END</level>
  <class>com.kms.katalon.core.logging.XmlKeywordLogger</class>
  <method>endKeyword</method>
  <thread>1</thread>
  <message>End action : sendRequest(findTestObject(\&amp;quot;APIChaining.JSON/UpdateUser\&amp;quot;, [\&amp;quot;username\&amp;quot;:first_name]))</message>
  <nestedLevel>1</nestedLevel>
</record>
<record>
  <date>2019-11-08T17:09:56</date>
  <millis>1573225796000</millis>
  <sequence>34</sequence>
  <level>PASSED</level>
  <class>com.kms.katalon.core.logging.XmlKeywordLogger</class>
  <method>logMessage</method>
  <thread>1</thread>
  <message>Test Cases/APIChaining.JSON/RESTAPIChaining.JSON</message>
  <nestedLevel>1</nestedLevel>
</record>
<record>
  <date>2019-11-08T17:09:56</date>
  <millis>1573225796001</millis>
  <sequence>35</sequence>
  <level>END</level>
  <class>com.kms.katalon.core.logging.XmlKeywordLogger</class>
  <method>endTest</method>
  <thread>1</thread>
  <message>End Test Case : Test Cases/APIChaining.JSON/RESTAPIChaining.JSON</message>
  <nestedLevel>0</nestedLevel>
</record>
<record>
  <date>2019-11-08T17:09:56</date>
  <millis>1573225796117</millis>
  <sequence>36</sequence>
  <level>END</level>
  <class>com.kms.katalon.core.logging.XmlKeywordLogger</class>
  <method>endSuite</method>
  <thread>1</thread>
  <message>End Test Suite : Test Suites/APIChainingJson</message>
  <nestedLevel>0</nestedLevel>
</record>
</log>